#
# A fatal error has been detected by the Java Runtime Environment:
#
#  SIGSEGV (0xb) at pc=0x0000000000000003, pid=792, tid=24579
#
# JRE version: OpenJDK Runtime Environment (11.0.11) (build 11.0.11+0-b60-7590822)
# Java VM: OpenJDK 64-Bit Server VM (11.0.11+0-b60-7590822, mixed mode, tiered, compressed oops, g1 gc, bsd-amd64)
# Problematic frame:
# C  0x0000000000000003
#
# No core dump will be written. Core dumps have been disabled. To enable core dumping, try "ulimit -c unlimited" before starting Java again
#
# If you would like to submit a bug report, please visit:
#   https://bugreport.java.com/bugreport/crash.jsp
#

---------------  S U M M A R Y ------------

Command Line: --add-opens=java.base/java.util=ALL-UNNAMED --add-opens=java.base/java.lang=ALL-UNNAMED --add-opens=java.base/java.lang.invoke=ALL-UNNAMED --add-opens=java.base/java.util=ALL-UNNAMED --add-opens=java.prefs/java.util.prefs=ALL-UNNAMED --add-opens=java.prefs/java.util.prefs=ALL-UNNAMED --add-opens=java.base/java.nio.charset=ALL-UNNAMED --add-opens=java.base/java.net=ALL-UNNAMED --add-opens=java.base/java.util.concurrent.atomic=ALL-UNNAMED -Xmx2048m -Dfile.encoding=UTF-8 -Duser.country=GB -Duser.language=en -Duser.variant org.gradle.launcher.daemon.bootstrap.GradleDaemon 7.2

Host: Macmini6,1 x86_64 2500 MHz, 4 cores, 10G, Darwin 19.6.0
Time: Wed Feb 23 09:09:50 2022 IST elapsed time: 76.352331 seconds (0d 0h 1m 16s)

---------------  T H R E A D  ---------------

Current thread (0x00007fa21345b800):  GCTaskThread "GC Thread#1" [stack: 0x0000700006462000,0x0000700006562000] [id=24579]

Stack: [0x0000700006462000,0x0000700006562000],  sp=0x0000700006561b98,  free space=1022k
Native frames: (J=compiled Java code, A=aot compiled Java code, j=interpreted, Vv=VM code, C=native code)
C  0x0000000000000003
V  [libjvm.dylib+0x34d3e5]  void G1ParCopyClosure<(G1Barrier)0, (G1Mark)0>::do_oop_work<oopDesc*>(oopDesc**)+0xad
V  [libjvm.dylib+0x710c84]  StringTable::possibly_parallel_oops_do(OopStorage::ParState<false, false>*, OopClosure*)+0x70
V  [libjvm.dylib+0x34f779]  G1RootProcessor::process_string_table_roots(G1RootClosures*, G1GCPhaseTimes*, unsigned int)+0x3f
V  [libjvm.dylib+0x34f360]  G1RootProcessor::evacuate_roots(G1ParScanThreadState*, unsigned int)+0x94
V  [libjvm.dylib+0x314b31]  G1ParTask::work(unsigned int)+0xc5
V  [libjvm.dylib+0x7e840d]  GangWorker::loop()+0x43
V  [libjvm.dylib+0x778f4e]  Thread::call_run()+0x68
V  [libjvm.dylib+0x6246d7]  thread_native_entry(Thread*)+0x12d
C  [libsystem_pthread.dylib+0x6109]  _pthread_start+0x94
C  [libsystem_pthread.dylib+0x1b8b]  thread_start+0xf


siginfo: si_signo: 11 (SIGSEGV), si_code: 1 (SEGV_MAPERR), si_addr: 0x0000000000000003

Register to memory mapping:

RAX=0x0000000000000008 is an unknown value
RBX=0x0000000000007891 is an unknown value
RCX=0x000000010a17fb40: _ZN30OopOopIterateBackwardsDispatchI25G1ScanEvacuatedObjClosureE6_tableE+0 in /Applications/Android Studio.app/Contents/jre/Contents/Home/lib/server/libjvm.dylib at 0x0000000109800000
RDX=0x0000000800001908 is pointing into metadata
RSP=0x0000700006561b98 points into unknown readable memory: 0x0000000109b3d15c | 5c d1 b3 09 01 00 00 00
RBP=0x0000700006561c10 points into unknown readable memory: 0x0000700006561c40 | 40 1c 56 06 00 70 00 00
RSI=0x0000000789189c58 is an oop: 
[error occurred during error reporting (printing register info), id 0xb, SIGSEGV (0xb) at pc=0x0000000109e17c66]

Registers:
RAX=0x0000000000000008, RBX=0x0000000000007891, RCX=0x000000010a17fb40, RDX=0x0000000800001908
RSP=0x0000700006561b98, RBP=0x0000700006561c10, RSI=0x0000000789189c58, RDI=0x00007fa218b999f0
R8 =0x0000000000000000, R9 =0x0000000000000301, R10=0x0000700006d79b38, R11=0xfffffffffe3bbe18
R12=0x00007fa218b99880, R13=0x0000000789189c58, R14=0x0000000000000016, R15=0x000000078adcde40
RIP=0x0000000000000003, EFLAGS=0x0000000000010202, ERR=0x0000000000000014
  TRAPNO=0x000000000000000e

Top of Stack: (sp=0x0000700006561b98)
0x0000700006561b98:   0000000109b3d15c 0000000000000899
0x0000700006561ba8:   00007fa218b99880 0000000100000040
0x0000700006561bb8:   0000000000000016 0000000000000005
0x0000700006561bc8:   0000000789189c58 000000000000000d
0x0000700006561bd8:   0000000000000301 0000700006561b01
0x0000700006561be8:   00007fa212d14201 00000000000002a5
0x0000700006561bf8:   00007fa21b9604c0 00007fa212d14248
0x0000700006561c08:   00007fa21b960598 0000700006561c40
0x0000700006561c18:   0000000109b4d3e5 00007fa212d14248
0x0000700006561c28:   00000000000002a5 0000000008000000
0x0000700006561c38:   fffffffff8000000 0000700006561ca0
0x0000700006561c48:   0000000109f10c84 000000000000029e
0x0000700006561c58:   00000000000002a7 00000000000000c8
0x0000700006561c68:   0000000109f88816 000070000593a658
0x0000700006561c78:   000070000593a658 000070000593a4e0
0x0000700006561c88:   00007fa212c1b290 00007fa212d14240
0x0000700006561c98:   0000700006561cb8 0000700006561d00
0x0000700006561ca8:   0000000109b4f779 000000010a15be68
0x0000700006561cb8:   000000010a15be68 00000011c6a0809f
0x0000700006561cc8:   0000002c50949c17 00007fa200000003
0x0000700006561cd8:   00007fa212c1b290 00007fa200000001
0x0000700006561ce8:   00007fa212d14240 000070000593a638
0x0000700006561cf8:   0000000000000001 0000700006561df0
0x0000700006561d08:   0000000109b4f360 000000010a15be88
0x0000700006561d18:   00000011c688366b 0000002c50580712
0x0000700006561d28:   0000000000000001 00007fa212c1b290
0x0000700006561d38:   00007fa200000001 0000000000000000
0x0000700006561d48:   0000000000000000 0000000000000000
0x0000700006561d58:   0000000000000000 00007fa218b99880
0x0000700006561d68:   00000011c688376b 0000002c505808b5
0x0000700006561d78:   0000700006561d40 0000700006561d50
0x0000700006561d88:   000070000593a800 0000000000000001 

Instructions: (pc=0x0000000000000003)
0xffffffffffffff03:   


Stack slot to memory mapping:
stack at sp + 0 slots: 0x0000000109b3d15c: _ZN20G1ParScanThreadState22copy_to_survivor_spaceE11InCSetStateP7oopDescP11markOopDesc+0x4b2 in /Applications/Android Studio.app/Contents/jre/Contents/Home/lib/server/libjvm.dylib at 0x0000000109800000
stack at sp + 1 slots: 0x0000000000000899 is an unknown value
stack at sp + 2 slots: 0x00007fa218b99880 points into unknown readable memory: 0x000000010a15c530 | 30 c5 15 0a 01 00 00 00
stack at sp + 3 slots: 0x0000000100000040 is an unknown value
stack at sp + 4 slots: 0x0000000000000016 is an unknown value
stack at sp + 5 slots: 0x0000000000000005 is an unknown value
stack at sp + 6 slots: 0x0000000789189c58 is an oop: 
[error occurred during error reporting (inspecting top of stack), id 0xb, SIGSEGV (0xb) at pc=0x0000000109e17c66]


---------------  P R O C E S S  ---------------

Threads class SMR info:
_java_thread_list=0x00007fa216d5ee50, length=90, elements={
0x00007fa213009800, 0x00007fa2130a3000, 0x00007fa213843800, 0x00007fa214054800,
0x00007fa214055000, 0x00007fa214029800, 0x00007fa21402a800, 0x00007fa21405a800,
0x00007fa21309d000, 0x00007fa2130ca800, 0x00007fa214545000, 0x00007fa2136ee800,
0x00007fa21345d000, 0x00007fa2147b4000, 0x00007fa213509000, 0x00007fa2134e2000,
0x00007fa2180bc000, 0x00007fa213b9d800, 0x00007fa2130d4800, 0x00007fa217a4e800,
0x00007fa2164d7800, 0x00007fa2179aa800, 0x00007fa2172ae800, 0x00007fa2179e5000,
0x00007fa214650000, 0x00007fa2180ec800, 0x00007fa2146c5000, 0x00007fa214344800,
0x00007fa2146ec000, 0x00007fa217071800, 0x00007fa213d2d800, 0x00007fa218416800,
0x00007fa213c49000, 0x00007fa214695800, 0x00007fa214448800, 0x00007fa217d40800,
0x00007fa217d34800, 0x00007fa218359000, 0x00007fa217d67800, 0x00007fa217dd0800,
0x00007fa217d37800, 0x00007fa217e08800, 0x00007fa217e09800, 0x00007fa217ec3000,
0x00007fa217ec4000, 0x00007fa217ec5000, 0x00007fa217ec5800, 0x00007fa2146ed800,
0x00007fa217ec8000, 0x00007fa217ec1000, 0x00007fa216697800, 0x00007fa21619a000,
0x00007fa219eb9800, 0x00007fa219ebb800, 0x00007fa2199f7000, 0x00007fa219b84800,
0x00007fa21623f800, 0x00007fa217ecd800, 0x00007fa219b82800, 0x00007fa219b83800,
0x00007fa216240800, 0x00007fa2146f0800, 0x00007fa216241800, 0x00007fa216247000,
0x00007fa216247800, 0x00007fa216248800, 0x00007fa216249800, 0x00007fa21624a800,
0x00007fa21624b000, 0x00007fa21624c000, 0x00007fa21624d000, 0x00007fa2146fd000,
0x00007fa215889800, 0x00007fa21588a000, 0x00007fa217ecb800, 0x00007fa2142d1800,
0x00007fa21a895800, 0x00007fa21775f800, 0x00007fa21733a000, 0x00007fa21733b000,
0x00007fa219ff9000, 0x00007fa213dd3800, 0x00007fa2138b5000, 0x00007fa217f4b000,
0x00007fa219db3000, 0x00007fa213be7000, 0x00007fa213bf5800, 0x00007fa215e2e000,
0x00007fa21c186000, 0x00007fa21c187000
}

Java Threads: ( => current thread )
  0x00007fa213009800 JavaThread "main" [_thread_blocked, id=10243, stack(0x0000700005229000,0x0000700005329000)]
  0x00007fa2130a3000 JavaThread "Reference Handler" daemon [_thread_blocked, id=18435, stack(0x000070000593e000,0x0000700005a3e000)]
  0x00007fa213843800 JavaThread "Finalizer" daemon [_thread_blocked, id=14595, stack(0x0000700005a41000,0x0000700005b41000)]
  0x00007fa214054800 JavaThread "Signal Dispatcher" daemon [_thread_blocked, id=15619, stack(0x0000700005c4a000,0x0000700005d4a000)]
  0x00007fa214055000 JavaThread "Service Thread" daemon [_thread_blocked, id=22019, stack(0x0000700005d4d000,0x0000700005e4d000)]
  0x00007fa214029800 JavaThread "C2 CompilerThread0" daemon [_thread_blocked, id=43011, stack(0x0000700005e50000,0x0000700005f50000)]
  0x00007fa21402a800 JavaThread "C1 CompilerThread0" daemon [_thread_blocked, id=22787, stack(0x0000700005f53000,0x0000700006053000)]
  0x00007fa21405a800 JavaThread "Sweeper thread" daemon [_thread_blocked, id=41987, stack(0x0000700006056000,0x0000700006156000)]
  0x00007fa21309d000 JavaThread "Common-Cleaner" daemon [_thread_blocked, id=23555, stack(0x0000700006159000,0x0000700006259000)]
  0x00007fa2130ca800 JavaThread "Daemon health stats" [_thread_blocked, id=40707, stack(0x0000700006668000,0x0000700006768000)]
  0x00007fa214545000 JavaThread "Incoming local TCP Connector on port 49192" [_thread_in_native, id=40195, stack(0x000070000676b000,0x000070000686b000)]
  0x00007fa2136ee800 JavaThread "Daemon periodic checks" [_thread_blocked, id=39939, stack(0x000070000686e000,0x000070000696e000)]
  0x00007fa21345d000 JavaThread "Daemon" [_thread_blocked, id=39171, stack(0x0000700006971000,0x0000700006a71000)]
  0x00007fa2147b4000 JavaThread "Handler for socket connection from /127.0.0.1:49192 to /127.0.0.1:49193" [_thread_in_native, id=38659, stack(0x0000700006a74000,0x0000700006b74000)]
  0x00007fa213509000 JavaThread "Cancel handler" [_thread_blocked, id=38147, stack(0x0000700006b77000,0x0000700006c77000)]
  0x00007fa2134e2000 JavaThread "Daemon worker" [_thread_blocked, id=27139, stack(0x0000700006c7a000,0x0000700006d7a000)]
  0x00007fa2180bc000 JavaThread "Asynchronous log dispatcher for DefaultDaemonConnection: socket connection from /127.0.0.1:49192 to /127.0.0.1:49193" [_thread_blocked, id=27395, stack(0x0000700006d7d000,0x0000700006e7d000)]
  0x00007fa213b9d800 JavaThread "Daemon client event forwarder" [_thread_blocked, id=36611, stack(0x0000700006f83000,0x0000700007083000)]
  0x00007fa2130d4800 JavaThread "Cache worker for journal cache (/Users/sachin/.gradle/caches/journal-1)" [_thread_blocked, id=36099, stack(0x0000700007086000,0x0000700007186000)]
  0x00007fa217a4e800 JavaThread "File lock request listener" [_thread_in_native, id=35587, stack(0x0000700007189000,0x0000700007289000)]
  0x00007fa2164d7800 JavaThread "Cache worker for file hash cache (/Users/sachin/.gradle/caches/7.2/fileHashes)" [_thread_blocked, id=28931, stack(0x000070000728c000,0x000070000738c000)]
  0x00007fa2179aa800 JavaThread "Cache worker for file hash cache (/Users/sachin/AndroidStudioProjects/GT2/.gradle/7.2/fileHashes)" [_thread_blocked, id=34567, stack(0x000070000738f000,0x000070000748f000)]
  0x00007fa2172ae800 JavaThread "File watcher server" daemon [_thread_blocked, id=34311, stack(0x0000700007492000,0x0000700007592000)]
  0x00007fa2179e5000 JavaThread "File watcher consumer" daemon [_thread_blocked, id=30211, stack(0x0000700007595000,0x0000700007695000)]
  0x00007fa214650000 JavaThread "Cache worker for checksums cache (/Users/sachin/AndroidStudioProjects/GT2/.gradle/checksums)" [_thread_blocked, id=33027, stack(0x0000700007698000,0x0000700007798000)]
  0x00007fa2180ec800 JavaThread "Cache worker for cache directory md-supplier (/Users/sachin/.gradle/caches/7.2/md-supplier)" [_thread_blocked, id=32771, stack(0x000070000779b000,0x000070000789b000)]
  0x00007fa2146c5000 JavaThread "Cache worker for cache directory md-rule (/Users/sachin/.gradle/caches/7.2/md-rule)" [_thread_blocked, id=32259, stack(0x000070000789e000,0x000070000799e000)]
  0x00007fa214344800 JavaThread "Cache worker for execution history cache (/Users/sachin/.gradle/caches/7.2/executionHistory)" [_thread_blocked, id=44035, stack(0x0000700007aa4000,0x0000700007ba4000)]
  0x00007fa2146ec000 JavaThread "jar transforms" [_thread_blocked, id=87043, stack(0x0000700007ba7000,0x0000700007ca7000)]
  0x00007fa217071800 JavaThread "Cache worker for file content cache (/Users/sachin/.gradle/caches/7.2/fileContent)" [_thread_blocked, id=86531, stack(0x0000700007caa000,0x0000700007daa000)]
  0x00007fa213d2d800 JavaThread "jar transforms Thread 2" [_thread_blocked, id=45571, stack(0x0000700007dad000,0x0000700007ead000)]
  0x00007fa218416800 JavaThread "Cache worker for dependencies-accessors (/Users/sachin/AndroidStudioProjects/GT2/.gradle/7.2/dependencies-accessors)" [_thread_blocked, id=86019, stack(0x0000700007eb0000,0x0000700007fb0000)]
  0x00007fa213c49000 JavaThread "jar transforms Thread 3" [_thread_blocked, id=85507, stack(0x0000700007fb3000,0x00007000080b3000)]
  0x00007fa214695800 JavaThread "Cache worker for Build Output Cleanup Cache (/Users/sachin/AndroidStudioProjects/GT2/.gradle/buildOutputCleanup)" [_thread_blocked, id=31755, stack(0x00007000079a1000,0x0000700007aa1000)]
  0x00007fa214448800 JavaThread "Unconstrained build operations" [_thread_blocked, id=85003, stack(0x00007000080b6000,0x00007000081b6000)]
  0x00007fa217d40800 JavaThread "Unconstrained build operations Thread 2" [_thread_blocked, id=84227, stack(0x00007000081b9000,0x00007000082b9000)]
  0x00007fa217d34800 JavaThread "Unconstrained build operations Thread 3" [_thread_blocked, id=46595, stack(0x00007000082bc000,0x00007000083bc000)]
  0x00007fa218359000 JavaThread "Unconstrained build operations Thread 4" [_thread_blocked, id=83203, stack(0x00007000083bf000,0x00007000084bf000)]
  0x00007fa217d67800 JavaThread "Unconstrained build operations Thread 5" [_thread_blocked, id=47619, stack(0x00007000084c2000,0x00007000085c2000)]
  0x00007fa217dd0800 JavaThread "Unconstrained build operations Thread 6" [_thread_blocked, id=82947, stack(0x00007000085c5000,0x00007000086c5000)]
  0x00007fa217d37800 JavaThread "Unconstrained build operations Thread 7" [_thread_blocked, id=82179, stack(0x00007000086c8000,0x00007000087c8000)]
  0x00007fa217e08800 JavaThread "Unconstrained build operations Thread 8" [_thread_blocked, id=48899, stack(0x00007000087cb000,0x00007000088cb000)]
  0x00007fa217e09800 JavaThread "Unconstrained build operations Thread 9" [_thread_blocked, id=81667, stack(0x00007000088ce000,0x00007000089ce000)]
  0x00007fa217ec3000 JavaThread "Unconstrained build operations Thread 10" [_thread_blocked, id=81155, stack(0x00007000089d1000,0x0000700008ad1000)]
  0x00007fa217ec4000 JavaThread "Unconstrained build operations Thread 11" [_thread_blocked, id=49923, stack(0x0000700008ad4000,0x0000700008bd4000)]
  0x00007fa217ec5000 JavaThread "Unconstrained build operations Thread 12" [_thread_blocked, id=50435, stack(0x0000700008bd7000,0x0000700008cd7000)]
  0x00007fa217ec5800 JavaThread "Unconstrained build operations Thread 13" [_thread_blocked, id=80387, stack(0x0000700008cda000,0x0000700008dda000)]
  0x00007fa2146ed800 JavaThread "Unconstrained build operations Thread 14" [_thread_blocked, id=51459, stack(0x0000700008ddd000,0x0000700008edd000)]
  0x00007fa217ec8000 JavaThread "Unconstrained build operations Thread 15" [_thread_blocked, id=79619, stack(0x0000700008ee0000,0x0000700008fe0000)]
  0x00007fa217ec1000 JavaThread "Unconstrained build operations Thread 16" [_thread_blocked, id=79107, stack(0x0000700008fe3000,0x00007000090e3000)]
  0x00007fa216697800 JavaThread "Unconstrained build operations Thread 17" [_thread_blocked, id=78595, stack(0x00007000090e6000,0x00007000091e6000)]
  0x00007fa21619a000 JavaThread "Unconstrained build operations Thread 18" [_thread_blocked, id=78083, stack(0x00007000091e9000,0x00007000092e9000)]
  0x00007fa219eb9800 JavaThread "Unconstrained build operations Thread 19" [_thread_blocked, id=52739, stack(0x00007000092ec000,0x00007000093ec000)]
  0x00007fa219ebb800 JavaThread "Unconstrained build operations Thread 20" [_thread_blocked, id=76803, stack(0x00007000093ef000,0x00007000094ef000)]
  0x00007fa2199f7000 JavaThread "Unconstrained build operations Thread 21" [_thread_blocked, id=53251, stack(0x00007000094f2000,0x00007000095f2000)]
  0x00007fa219b84800 JavaThread "Unconstrained build operations Thread 22" [_thread_blocked, id=54019, stack(0x00007000095f5000,0x00007000096f5000)]
  0x00007fa21623f800 JavaThread "Unconstrained build operations Thread 23" [_thread_blocked, id=76035, stack(0x00007000096f8000,0x00007000097f8000)]
  0x00007fa217ecd800 JavaThread "Unconstrained build operations Thread 24" [_thread_blocked, id=54787, stack(0x00007000097fb000,0x00007000098fb000)]
  0x00007fa219b82800 JavaThread "Unconstrained build operations Thread 25" [_thread_blocked, id=75267, stack(0x00007000098fe000,0x00007000099fe000)]
  0x00007fa219b83800 JavaThread "Unconstrained build operations Thread 26" [_thread_blocked, id=74499, stack(0x0000700009a01000,0x0000700009b01000)]
  0x00007fa216240800 JavaThread "Unconstrained build operations Thread 27" [_thread_blocked, id=73731, stack(0x0000700009b04000,0x0000700009c04000)]
  0x00007fa2146f0800 JavaThread "Unconstrained build operations Thread 28" [_thread_blocked, id=73475, stack(0x0000700009c07000,0x0000700009d07000)]
  0x00007fa216241800 JavaThread "Unconstrained build operations Thread 29" [_thread_blocked, id=72707, stack(0x0000700009d0a000,0x0000700009e0a000)]
  0x00007fa216247000 JavaThread "Unconstrained build operations Thread 30" [_thread_blocked, id=72195, stack(0x0000700009e0d000,0x0000700009f0d000)]
  0x00007fa216247800 JavaThread "Unconstrained build operations Thread 31" [_thread_blocked, id=71427, stack(0x0000700009f10000,0x000070000a010000)]
  0x00007fa216248800 JavaThread "Unconstrained build operations Thread 32" [_thread_blocked, id=56067, stack(0x000070000a013000,0x000070000a113000)]
  0x00007fa216249800 JavaThread "Unconstrained build operations Thread 33" [_thread_blocked, id=56579, stack(0x000070000a116000,0x000070000a216000)]
  0x00007fa21624a800 JavaThread "Unconstrained build operations Thread 34" [_thread_blocked, id=69891, stack(0x000070000a219000,0x000070000a319000)]
  0x00007fa21624b000 JavaThread "Unconstrained build operations Thread 35" [_thread_blocked, id=56835, stack(0x000070000a31c000,0x000070000a41c000)]
  0x00007fa21624c000 JavaThread "Unconstrained build operations Thread 36" [_thread_blocked, id=68867, stack(0x000070000a41f000,0x000070000a51f000)]
  0x00007fa21624d000 JavaThread "Unconstrained build operations Thread 37" [_thread_blocked, id=57603, stack(0x000070000a522000,0x000070000a622000)]
  0x00007fa2146fd000 JavaThread "Unconstrained build operations Thread 38" [_thread_blocked, id=68099, stack(0x000070000a625000,0x000070000a725000)]
  0x00007fa215889800 JavaThread "Unconstrained build operations Thread 39" [_thread_blocked, id=67587, stack(0x000070000a728000,0x000070000a828000)]
  0x00007fa21588a000 JavaThread "Unconstrained build operations Thread 40" [_thread_blocked, id=67331, stack(0x000070000a82b000,0x000070000a92b000)]
  0x00007fa217ecb800 JavaThread "jar transforms Thread 4" [_thread_blocked, id=66307, stack(0x000070000aa31000,0x000070000ab31000)]
  0x00007fa2142d1800 JavaThread "Memory manager" [_thread_blocked, id=59651, stack(0x000070000ab34000,0x000070000ac34000)]
  0x00007fa21a895800 JavaThread "build event listener" [_thread_blocked, id=65795, stack(0x000070000ac37000,0x000070000ad37000)]
  0x00007fa21775f800 JavaThread "Execution worker for ':'" [_thread_blocked, id=65027, stack(0x000070000ad3a000,0x000070000ae3a000)]
  0x00007fa21733a000 JavaThread "Execution worker for ':' Thread 2" [_thread_blocked, id=64259, stack(0x000070000ae3d000,0x000070000af3d000)]
  0x00007fa21733b000 JavaThread "Execution worker for ':' Thread 3" [_thread_blocked, id=63747, stack(0x000070000af40000,0x000070000b040000)]
  0x00007fa219ff9000 JavaThread "Cache worker for execution history cache (/Users/sachin/AndroidStudioProjects/GT2/.gradle/7.2/executionHistory)" [_thread_blocked, id=61187, stack(0x000070000b043000,0x000070000b143000)]
  0x00007fa213dd3800 JavaThread "Cache worker for Java compile cache (/Users/sachin/.gradle/caches/7.2/javaCompile)" [_thread_blocked, id=62211, stack(0x000070000b146000,0x000070000b246000)]
  0x00007fa2138b5000 JavaThread "Build operations" [_thread_blocked, id=130819, stack(0x000070000b249000,0x000070000b349000)]
  0x00007fa217f4b000 JavaThread "Build operations Thread 2" [_thread_blocked, id=130563, stack(0x000070000b34c000,0x000070000b44c000)]
  0x00007fa219db3000 JavaThread "Build operations Thread 3" [_thread_blocked, id=130051, stack(0x000070000b44f000,0x000070000b54f000)]
  0x00007fa213be7000 JavaThread "Build operations Thread 4" [_thread_blocked, id=129283, stack(0x000070000b552000,0x000070000b652000)]
  0x00007fa213bf5800 JavaThread "WorkerExecutor Queue" [_thread_blocked, id=27911, stack(0x000070000a92e000,0x000070000aa2e000)]
  0x00007fa215e2e000 JavaThread "WorkerExecutor Queue Thread 2" [_thread_blocked, id=128771, stack(0x000070000b655000,0x000070000b755000)]
  0x00007fa21c186000 JavaThread "WorkerExecutor Queue Thread 3" [_thread_blocked, id=128259, stack(0x000070000b758000,0x000070000b858000)]
  0x00007fa21c187000 JavaThread "WorkerExecutor Queue Thread 4" [_thread_blocked, id=128003, stack(0x000070000b85b000,0x000070000b95b000)]

Other Threads:
  0x00007fa21383c000 VMThread "VM Thread" [stack: 0x000070000583b000,0x000070000593b000] [id=13315]
  0x00007fa21403b800 WatcherThread [stack: 0x000070000625c000,0x000070000635c000] [id=41731]
  0x00007fa213013800 GCTaskThread "GC Thread#0" [stack: 0x000070000532c000,0x000070000542c000] [id=20739]
=>0x00007fa21345b800 GCTaskThread "GC Thread#1" [stack: 0x0000700006462000,0x0000700006562000] [id=24579]
  0x00007fa21345c800 GCTaskThread "GC Thread#2" [stack: 0x0000700006565000,0x0000700006665000] [id=25091]
  0x00007fa2164d6800 GCTaskThread "GC Thread#3" [stack: 0x000070000635f000,0x000070000645f000] [id=24327]
  0x00007fa213042800 ConcurrentGCThread "G1 Main Marker" [stack: 0x000070000542f000,0x000070000552f000] [id=20483]
  0x00007fa213043000 ConcurrentGCThread "G1 Conc#0" [stack: 0x0000700005532000,0x0000700005632000] [id=12291]
  0x00007fa213826800 ConcurrentGCThread "G1 Refine#0" [stack: 0x0000700005635000,0x0000700005735000] [id=12547]
  0x00007fa21308a800 ConcurrentGCThread "G1 Young RemSet Sampling" [stack: 0x0000700005738000,0x0000700005838000] [id=19715]

Threads with active compile tasks:

VM state:at safepoint (normal execution)

VM Mutex/Monitor currently owned by a thread:  ([mutex/lock_event])
[0x00007fa212c13ad0] Threads_lock - owner thread: 0x00007fa21383c000
[0x00007fa212c141d0] Heap_lock - owner thread: 0x00007fa2130ca800

Heap address: 0x0000000780000000, size: 2048 MB, Compressed Oops mode: Zero based, Oop shift amount: 3
Narrow klass base: 0x0000000800000000, Narrow klass shift: 0
Compressed class space size: 1073741824 Address: 0x0000000800000000

Heap:
 garbage-first heap   total 196608K, used 160598K [0x0000000780000000, 0x0000000800000000)
  region size 1024K, 51 young (52224K), 5 survivors (5120K)
 Metaspace       used 100967K, capacity 103690K, committed 103884K, reserved 1138688K
  class space    used 13211K, capacity 14254K, committed 14284K, reserved 1048576K
Heap Regions: E=young(eden), S=young(survivor), O=old, HS=humongous(starts), HC=humongous(continues), CS=collection set, F=free, A=archive, TAMS=top-at-mark-start (previous, next)
|   0|0x0000000780000000, 0x0000000780100000, 0x0000000780100000|100%| O|  |TAMS 0x0000000780100000, 0x0000000780000000| Untracked 
|   1|0x0000000780100000, 0x0000000780200000, 0x0000000780200000|100%| O|  |TAMS 0x0000000780200000, 0x0000000780100000| Untracked 
|   2|0x0000000780200000, 0x0000000780300000, 0x0000000780300000|100%| O|  |TAMS 0x0000000780300000, 0x0000000780200000| Complete 
|   3|0x0000000780300000, 0x0000000780400000, 0x0000000780400000|100%|HS|  |TAMS 0x0000000780400000, 0x0000000780300000| Complete 
|   4|0x0000000780400000, 0x0000000780500000, 0x0000000780500000|100%|HC|  |TAMS 0x0000000780500000, 0x0000000780400000| Complete 
|   5|0x0000000780500000, 0x0000000780600000, 0x0000000780600000|100%|HC|  |TAMS 0x0000000780600000, 0x0000000780500000| Complete 
|   6|0x0000000780600000, 0x0000000780700000, 0x0000000780700000|100%| O|  |TAMS 0x0000000780700000, 0x0000000780600000| Untracked 
|   7|0x0000000780700000, 0x0000000780800000, 0x0000000780800000|100%| O|  |TAMS 0x0000000780800000, 0x0000000780700000| Untracked 
|   8|0x0000000780800000, 0x0000000780900000, 0x0000000780900000|100%| O|  |TAMS 0x0000000780900000, 0x0000000780800000| Untracked 
|   9|0x0000000780900000, 0x0000000780a00000, 0x0000000780a00000|100%| O|  |TAMS 0x0000000780a00000, 0x0000000780900000| Complete 
|  10|0x0000000780a00000, 0x0000000780b00000, 0x0000000780b00000|100%| O|  |TAMS 0x0000000780b00000, 0x0000000780a00000| Untracked 
|  11|0x0000000780b00000, 0x0000000780c00000, 0x0000000780c00000|100%| O|  |TAMS 0x0000000780c00000, 0x0000000780b00000| Untracked 
|  12|0x0000000780c00000, 0x0000000780d00000, 0x0000000780d00000|100%| O|  |TAMS 0x0000000780d00000, 0x0000000780c00000| Untracked 
|  13|0x0000000780d00000, 0x0000000780e00000, 0x0000000780e00000|100%| O|  |TAMS 0x0000000780e00000, 0x0000000780d00000| Untracked 
|  14|0x0000000780e00000, 0x0000000780f00000, 0x0000000780f00000|100%|HS|  |TAMS 0x0000000780f00000, 0x0000000780e00000| Complete 
|  15|0x0000000780f00000, 0x0000000781000000, 0x0000000781000000|100%| O|  |TAMS 0x0000000781000000, 0x0000000780f00000| Untracked 
|  16|0x0000000781000000, 0x0000000781100000, 0x0000000781100000|100%| O|  |TAMS 0x0000000781100000, 0x0000000781000000| Untracked 
|  17|0x0000000781100000, 0x0000000781200000, 0x0000000781200000|100%| O|  |TAMS 0x0000000781200000, 0x0000000781100000| Untracked 
|  18|0x0000000781200000, 0x0000000781300000, 0x0000000781300000|100%| O|  |TAMS 0x0000000781300000, 0x0000000781200000| Untracked 
|  19|0x0000000781300000, 0x0000000781400000, 0x0000000781400000|100%| O|  |TAMS 0x0000000781400000, 0x0000000781300000| Untracked 
|  20|0x0000000781400000, 0x0000000781500000, 0x0000000781500000|100%| O|  |TAMS 0x0000000781500000, 0x0000000781400000| Untracked 
|  21|0x0000000781500000, 0x0000000781600000, 0x0000000781600000|100%| O|  |TAMS 0x0000000781600000, 0x0000000781500000| Untracked 
|  22|0x0000000781600000, 0x0000000781700000, 0x0000000781700000|100%| O|  |TAMS 0x0000000781700000, 0x0000000781600000| Complete 
|  23|0x0000000781700000, 0x0000000781800000, 0x0000000781800000|100%| O|  |TAMS 0x0000000781800000, 0x0000000781700000| Complete 
|  24|0x0000000781800000, 0x0000000781900000, 0x0000000781900000|100%|HS|  |TAMS 0x0000000781900000, 0x0000000781800000| Complete 
|  25|0x0000000781900000, 0x0000000781a00000, 0x0000000781a00000|100%|HS|  |TAMS 0x0000000781a00000, 0x0000000781900000| Complete 
|  26|0x0000000781a00000, 0x0000000781b00000, 0x0000000781b00000|100%|HS|  |TAMS 0x0000000781b00000, 0x0000000781a00000| Complete 
|  27|0x0000000781b00000, 0x0000000781c00000, 0x0000000781c00000|100%|HC|  |TAMS 0x0000000781c00000, 0x0000000781b00000| Complete 
|  28|0x0000000781c00000, 0x0000000781d00000, 0x0000000781d00000|100%| O|  |TAMS 0x0000000781d00000, 0x0000000781c00000| Untracked 
|  29|0x0000000781d00000, 0x0000000781e00000, 0x0000000781e00000|100%| O|  |TAMS 0x0000000781e00000, 0x0000000781d00000| Untracked 
|  30|0x0000000781e00000, 0x0000000781f00000, 0x0000000781f00000|100%| O|  |TAMS 0x0000000781f00000, 0x0000000781e00000| Untracked 
|  31|0x0000000781f00000, 0x0000000782000000, 0x0000000782000000|100%| O|  |TAMS 0x0000000782000000, 0x0000000781f00000| Untracked 
|  32|0x0000000782000000, 0x0000000782100000, 0x0000000782100000|100%| O|  |TAMS 0x0000000782100000, 0x0000000782000000| Complete 
|  33|0x0000000782100000, 0x0000000782200000, 0x0000000782200000|100%| O|  |TAMS 0x0000000782200000, 0x0000000782100000| Untracked 
|  34|0x0000000782200000, 0x0000000782300000, 0x0000000782300000|100%| O|  |TAMS 0x0000000782300000, 0x0000000782200000| Untracked 
|  35|0x0000000782300000, 0x0000000782400000, 0x0000000782400000|100%| O|  |TAMS 0x0000000782400000, 0x0000000782300000| Untracked 
|  36|0x0000000782400000, 0x0000000782500000, 0x0000000782500000|100%| O|  |TAMS 0x0000000782500000, 0x0000000782400000| Untracked 
|  37|0x0000000782500000, 0x0000000782600000, 0x0000000782600000|100%| O|  |TAMS 0x0000000782600000, 0x0000000782500000| Untracked 
|  38|0x0000000782600000, 0x0000000782700000, 0x0000000782700000|100%| O|  |TAMS 0x0000000782700000, 0x0000000782600000| Untracked 
|  39|0x0000000782700000, 0x0000000782800000, 0x0000000782800000|100%| O|  |TAMS 0x0000000782800000, 0x0000000782700000| Untracked 
|  40|0x0000000782800000, 0x0000000782900000, 0x0000000782900000|100%| O|  |TAMS 0x0000000782900000, 0x0000000782800000| Untracked 
|  41|0x0000000782900000, 0x0000000782a00000, 0x0000000782a00000|100%| O|  |TAMS 0x0000000782a00000, 0x0000000782900000| Untracked 
|  42|0x0000000782a00000, 0x0000000782b00000, 0x0000000782b00000|100%| O|  |TAMS 0x0000000782b00000, 0x0000000782a00000| Untracked 
|  43|0x0000000782b00000, 0x0000000782c00000, 0x0000000782c00000|100%| O|  |TAMS 0x0000000782c00000, 0x0000000782b00000| Untracked 
|  44|0x0000000782c00000, 0x0000000782d00000, 0x0000000782d00000|100%| O|  |TAMS 0x0000000782d00000, 0x0000000782c00000| Complete 
|  45|0x0000000782d00000, 0x0000000782e00000, 0x0000000782e00000|100%| O|  |TAMS 0x0000000782e00000, 0x0000000782d00000| Untracked 
|  46|0x0000000782e00000, 0x0000000782f00000, 0x0000000782f00000|100%| O|  |TAMS 0x0000000782f00000, 0x0000000782e00000| Untracked 
|  47|0x0000000782f00000, 0x0000000783000000, 0x0000000783000000|100%| O|  |TAMS 0x0000000783000000, 0x0000000782f00000| Untracked 
|  48|0x0000000783000000, 0x0000000783100000, 0x0000000783100000|100%| O|  |TAMS 0x0000000783100000, 0x0000000783000000| Untracked 
|  49|0x0000000783100000, 0x0000000783200000, 0x0000000783200000|100%| O|  |TAMS 0x0000000783200000, 0x0000000783100000| Untracked 
|  50|0x0000000783200000, 0x0000000783300000, 0x0000000783300000|100%| O|  |TAMS 0x0000000783300000, 0x0000000783200000| Complete 
|  51|0x0000000783300000, 0x0000000783400000, 0x0000000783400000|100%| O|  |TAMS 0x0000000783400000, 0x0000000783300000| Untracked 
|  52|0x0000000783400000, 0x0000000783500000, 0x0000000783500000|100%| O|  |TAMS 0x0000000783500000, 0x0000000783400000| Untracked 
|  53|0x0000000783500000, 0x0000000783600000, 0x0000000783600000|100%| O|  |TAMS 0x0000000783600000, 0x0000000783500000| Untracked 
|  54|0x0000000783600000, 0x0000000783700000, 0x0000000783700000|100%| O|  |TAMS 0x0000000783700000, 0x0000000783600000| Untracked 
|  55|0x0000000783700000, 0x0000000783800000, 0x0000000783800000|100%| O|  |TAMS 0x0000000783800000, 0x0000000783700000| Complete 
|  56|0x0000000783800000, 0x0000000783900000, 0x0000000783900000|100%| O|  |TAMS 0x0000000783900000, 0x0000000783800000| Untracked 
|  57|0x0000000783900000, 0x0000000783a00000, 0x0000000783a00000|100%| O|  |TAMS 0x0000000783a00000, 0x0000000783900000| Untracked 
|  58|0x0000000783a00000, 0x0000000783b00000, 0x0000000783b00000|100%| O|  |TAMS 0x0000000783b00000, 0x0000000783a00000| Untracked 
|  59|0x0000000783b00000, 0x0000000783c00000, 0x0000000783c00000|100%| O|  |TAMS 0x0000000783c00000, 0x0000000783b00000| Complete 
|  60|0x0000000783c00000, 0x0000000783d00000, 0x0000000783d00000|100%| O|  |TAMS 0x0000000783d00000, 0x0000000783c00000| Untracked 
|  61|0x0000000783d00000, 0x0000000783e00000, 0x0000000783e00000|100%| O|  |TAMS 0x0000000783e00000, 0x0000000783d00000| Untracked 
|  62|0x0000000783e00000, 0x0000000783f00000, 0x0000000783f00000|100%| O|  |TAMS 0x0000000783f00000, 0x0000000783e00000| Untracked 
|  63|0x0000000783f00000, 0x0000000784000000, 0x0000000784000000|100%| O|  |TAMS 0x0000000784000000, 0x0000000783f00000| Untracked 
|  64|0x0000000784000000, 0x0000000784100000, 0x0000000784100000|100%| O|  |TAMS 0x0000000784100000, 0x0000000784000000| Untracked 
|  65|0x0000000784100000, 0x0000000784200000, 0x0000000784200000|100%| O|  |TAMS 0x0000000784200000, 0x0000000784100000| Complete 
|  66|0x0000000784200000, 0x0000000784300000, 0x0000000784300000|100%| O|  |TAMS 0x0000000784300000, 0x0000000784200000| Complete 
|  67|0x0000000784300000, 0x0000000784400000, 0x0000000784400000|100%| O|  |TAMS 0x0000000784400000, 0x0000000784300000| Untracked 
|  68|0x0000000784400000, 0x0000000784500000, 0x0000000784500000|100%| O|  |TAMS 0x0000000784500000, 0x0000000784400000| Untracked 
|  69|0x0000000784500000, 0x0000000784600000, 0x0000000784600000|100%| O|  |TAMS 0x0000000784600000, 0x0000000784500000| Untracked 
|  70|0x0000000784600000, 0x0000000784700000, 0x0000000784700000|100%| O|  |TAMS 0x0000000784700000, 0x0000000784600000| Untracked 
|  71|0x0000000784700000, 0x0000000784800000, 0x0000000784800000|100%| O|  |TAMS 0x0000000784800000, 0x0000000784700000| Complete 
|  72|0x0000000784800000, 0x0000000784900000, 0x0000000784900000|100%| O|  |TAMS 0x0000000784900000, 0x0000000784800000| Untracked 
|  73|0x0000000784900000, 0x0000000784a00000, 0x0000000784a00000|100%| O|  |TAMS 0x0000000784a00000, 0x0000000784900000| Untracked 
|  74|0x0000000784a00000, 0x0000000784b00000, 0x0000000784b00000|100%| O|  |TAMS 0x0000000784b00000, 0x0000000784a00000| Untracked 
|  75|0x0000000784b00000, 0x0000000784c00000, 0x0000000784c00000|100%| O|  |TAMS 0x0000000784c00000, 0x0000000784b00000| Untracked 
|  76|0x0000000784c00000, 0x0000000784d00000, 0x0000000784d00000|100%| O|  |TAMS 0x0000000784d00000, 0x0000000784c00000| Untracked 
|  77|0x0000000784d00000, 0x0000000784e00000, 0x0000000784e00000|100%| O|  |TAMS 0x0000000784e00000, 0x0000000784d00000| Untracked 
|  78|0x0000000784e00000, 0x0000000784f00000, 0x0000000784f00000|100%| O|  |TAMS 0x0000000784f00000, 0x0000000784e00000| Complete 
|  79|0x0000000784f00000, 0x0000000785000000, 0x0000000785000000|100%| O|  |TAMS 0x0000000785000000, 0x0000000784f00000| Complete 
|  80|0x0000000785000000, 0x0000000785100000, 0x0000000785100000|100%| O|  |TAMS 0x0000000785100000, 0x0000000785000000| Complete 
|  81|0x0000000785100000, 0x0000000785200000, 0x0000000785200000|100%|HS|  |TAMS 0x0000000785200000, 0x0000000785100000| Complete 
|  82|0x0000000785200000, 0x0000000785300000, 0x0000000785300000|100%|HC|  |TAMS 0x0000000785300000, 0x0000000785200000| Complete 
|  83|0x0000000785300000, 0x0000000785400000, 0x0000000785400000|100%| O|  |TAMS 0x0000000785400000, 0x0000000785300000| Complete 
|  84|0x0000000785400000, 0x0000000785500000, 0x0000000785500000|100%| O|  |TAMS 0x0000000785500000, 0x0000000785400000| Untracked 
|  85|0x0000000785500000, 0x0000000785600000, 0x0000000785600000|100%| O|  |TAMS 0x0000000785600000, 0x0000000785500000| Untracked 
|  86|0x0000000785600000, 0x0000000785700000, 0x0000000785700000|100%| O|  |TAMS 0x0000000785700000, 0x0000000785600000| Untracked 
|  87|0x0000000785700000, 0x0000000785800000, 0x0000000785800000|100%| O|  |TAMS 0x0000000785800000, 0x0000000785700000| Untracked 
|  88|0x0000000785800000, 0x0000000785900000, 0x0000000785900000|100%| O|  |TAMS 0x0000000785900000, 0x0000000785800000| Untracked 
|  89|0x0000000785900000, 0x0000000785a00000, 0x0000000785a00000|100%| O|  |TAMS 0x0000000785a00000, 0x0000000785900000| Untracked 
|  90|0x0000000785a00000, 0x0000000785b00000, 0x0000000785b00000|100%| O|  |TAMS 0x0000000785b00000, 0x0000000785a00000| Complete 
|  91|0x0000000785b00000, 0x0000000785c00000, 0x0000000785c00000|100%| O|  |TAMS 0x0000000785c00000, 0x0000000785b00000| Complete 
|  92|0x0000000785c00000, 0x0000000785d00000, 0x0000000785d00000|100%| O|  |TAMS 0x0000000785d00000, 0x0000000785c00000| Complete 
|  93|0x0000000785d00000, 0x0000000785e00000, 0x0000000785e00000|100%| O|  |TAMS 0x0000000785e00000, 0x0000000785d00000| Complete 
|  94|0x0000000785e00000, 0x0000000785f00000, 0x0000000785f00000|100%| O|  |TAMS 0x0000000785f00000, 0x0000000785e00000| Complete 
|  95|0x0000000785f00000, 0x0000000786000000, 0x0000000786000000|100%| O|  |TAMS 0x0000000786000000, 0x0000000785f00000| Complete 
|  96|0x0000000786000000, 0x0000000786100000, 0x0000000786100000|100%| O|  |TAMS 0x0000000786100000, 0x0000000786000000| Complete 
|  97|0x0000000786100000, 0x0000000786200000, 0x0000000786200000|100%| O|  |TAMS 0x0000000786200000, 0x0000000786100000| Complete 
|  98|0x0000000786200000, 0x0000000786300000, 0x0000000786300000|100%| O|  |TAMS 0x0000000786300000, 0x0000000786200000| Complete 
|  99|0x0000000786300000, 0x0000000786400000, 0x0000000786400000|100%| O|  |TAMS 0x0000000786300000, 0x0000000786300000| Untracked 
| 100|0x0000000786400000, 0x0000000786500000, 0x0000000786500000|100%| O|  |TAMS 0x0000000786500000, 0x0000000786400000| Complete 
| 101|0x0000000786500000, 0x0000000786600000, 0x0000000786600000|100%| O|  |TAMS 0x0000000786600000, 0x0000000786500000| Complete 
| 102|0x0000000786600000, 0x0000000786700000, 0x0000000786700000|100%| O|  |TAMS 0x0000000786700000, 0x0000000786600000| Complete 
| 103|0x0000000786700000, 0x0000000786800000, 0x0000000786800000|100%| O|  |TAMS 0x0000000786800000, 0x0000000786700000| Complete 
| 104|0x0000000786800000, 0x0000000786900000, 0x0000000786900000|100%| O|  |TAMS 0x0000000786900000, 0x0000000786800000| Complete 
| 105|0x0000000786900000, 0x0000000786a00000, 0x0000000786a00000|100%| O|  |TAMS 0x0000000786a00000, 0x0000000786900000| Complete 
| 106|0x0000000786a00000, 0x0000000786b00000, 0x0000000786b00000|100%| O|  |TAMS 0x0000000786b00000, 0x0000000786a00000| Untracked 
| 107|0x0000000786b00000, 0x0000000786c00000, 0x0000000786c00000|100%| O|  |TAMS 0x0000000786b00000, 0x0000000786b00000| Untracked 
| 108|0x0000000786c00000, 0x0000000786c82940, 0x0000000786d00000| 51%| O|  |TAMS 0x0000000786c00000, 0x0000000786c00000| Untracked 
| 109|0x0000000786d00000, 0x0000000786d00000, 0x0000000786e00000|  0%| F|  |TAMS 0x0000000786d00000, 0x0000000786d00000| Untracked 
| 110|0x0000000786e00000, 0x0000000786e00000, 0x0000000786f00000|  0%| F|  |TAMS 0x0000000786e00000, 0x0000000786e00000| Untracked 
| 111|0x0000000786f00000, 0x0000000786f00000, 0x0000000787000000|  0%| F|  |TAMS 0x0000000786f00000, 0x0000000786f00000| Untracked 
| 112|0x0000000787000000, 0x0000000787000000, 0x0000000787100000|  0%| F|  |TAMS 0x0000000787000000, 0x0000000787000000| Untracked 
| 113|0x0000000787100000, 0x0000000787100000, 0x0000000787200000|  0%| F|  |TAMS 0x0000000787100000, 0x0000000787100000| Untracked 
| 114|0x0000000787200000, 0x0000000787200000, 0x0000000787300000|  0%| F|  |TAMS 0x0000000787200000, 0x0000000787200000| Untracked 
| 115|0x0000000787300000, 0x0000000787300000, 0x0000000787400000|  0%| F|  |TAMS 0x0000000787300000, 0x0000000787300000| Untracked 
| 116|0x0000000787400000, 0x0000000787400000, 0x0000000787500000|  0%| F|  |TAMS 0x0000000787400000, 0x0000000787400000| Untracked 
| 117|0x0000000787500000, 0x0000000787500000, 0x0000000787600000|  0%| F|  |TAMS 0x0000000787500000, 0x0000000787500000| Untracked 
| 118|0x0000000787600000, 0x0000000787600000, 0x0000000787700000|  0%| F|  |TAMS 0x0000000787600000, 0x0000000787600000| Untracked 
| 119|0x0000000787700000, 0x0000000787700000, 0x0000000787800000|  0%| F|  |TAMS 0x0000000787700000, 0x0000000787700000| Untracked 
| 120|0x0000000787800000, 0x0000000787800000, 0x0000000787900000|  0%| F|  |TAMS 0x0000000787800000, 0x0000000787800000| Untracked 
| 121|0x0000000787900000, 0x0000000787900000, 0x0000000787a00000|  0%| F|  |TAMS 0x0000000787900000, 0x0000000787900000| Untracked 
| 122|0x0000000787a00000, 0x0000000787a00000, 0x0000000787b00000|  0%| F|  |TAMS 0x0000000787a00000, 0x0000000787a00000| Untracked 
| 123|0x0000000787b00000, 0x0000000787b00000, 0x0000000787c00000|  0%| F|  |TAMS 0x0000000787b00000, 0x0000000787b00000| Untracked 
| 124|0x0000000787c00000, 0x0000000787c00000, 0x0000000787d00000|  0%| F|  |TAMS 0x0000000787c00000, 0x0000000787c00000| Untracked 
| 125|0x0000000787d00000, 0x0000000787d00000, 0x0000000787e00000|  0%| F|  |TAMS 0x0000000787d00000, 0x0000000787d00000| Untracked 
| 126|0x0000000787e00000, 0x0000000787e00000, 0x0000000787f00000|  0%| F|  |TAMS 0x0000000787e00000, 0x0000000787e00000| Untracked 
| 127|0x0000000787f00000, 0x0000000787f00000, 0x0000000788000000|  0%| F|  |TAMS 0x0000000787f00000, 0x0000000787f00000| Untracked 
| 128|0x0000000788000000, 0x0000000788000000, 0x0000000788100000|  0%| F|  |TAMS 0x0000000788000000, 0x0000000788000000| Untracked 
| 129|0x0000000788100000, 0x0000000788100000, 0x0000000788200000|  0%| F|  |TAMS 0x0000000788100000, 0x0000000788100000| Untracked 
| 130|0x0000000788200000, 0x0000000788200000, 0x0000000788300000|  0%| F|  |TAMS 0x0000000788200000, 0x0000000788200000| Untracked 
| 131|0x0000000788300000, 0x0000000788300000, 0x0000000788400000|  0%| F|  |TAMS 0x0000000788300000, 0x0000000788300000| Untracked 
| 132|0x0000000788400000, 0x0000000788400000, 0x0000000788500000|  0%| F|  |TAMS 0x0000000788400000, 0x0000000788400000| Untracked 
| 133|0x0000000788500000, 0x0000000788500000, 0x0000000788600000|  0%| F|  |TAMS 0x0000000788500000, 0x0000000788500000| Untracked 
| 134|0x0000000788600000, 0x0000000788600000, 0x0000000788700000|  0%| F|  |TAMS 0x0000000788600000, 0x0000000788600000| Untracked 
| 135|0x0000000788700000, 0x0000000788700000, 0x0000000788800000|  0%| F|  |TAMS 0x0000000788700000, 0x0000000788700000| Untracked 
| 136|0x0000000788800000, 0x000000078886d000, 0x0000000788900000| 42%| S|  |TAMS 0x0000000788800000, 0x0000000788800000| Complete 
| 137|0x0000000788900000, 0x0000000788a00000, 0x0000000788a00000|100%| S|  |TAMS 0x0000000788900000, 0x0000000788900000| Complete 
| 138|0x0000000788a00000, 0x0000000788b00000, 0x0000000788b00000|100%| S|  |TAMS 0x0000000788a00000, 0x0000000788a00000| Complete 
| 139|0x0000000788b00000, 0x0000000788bd5958, 0x0000000788c00000| 83%| E|CS|TAMS 0x0000000788b00000, 0x0000000788b00000| Complete 
| 140|0x0000000788c00000, 0x0000000788d00000, 0x0000000788d00000|100%| E|CS|TAMS 0x0000000788c00000, 0x0000000788c00000| Complete 
| 141|0x0000000788d00000, 0x0000000788e00000, 0x0000000788e00000|100%| E|CS|TAMS 0x0000000788d00000, 0x0000000788d00000| Complete 
| 142|0x0000000788e00000, 0x0000000788f00000, 0x0000000788f00000|100%| E|CS|TAMS 0x0000000788e00000, 0x0000000788e00000| Complete 
| 143|0x0000000788f00000, 0x0000000789000000, 0x0000000789000000|100%| E|CS|TAMS 0x0000000788f00000, 0x0000000788f00000| Complete 
| 144|0x0000000789000000, 0x0000000789100000, 0x0000000789100000|100%| S|  |TAMS 0x0000000789000000, 0x0000000789000000| Complete 
| 145|0x0000000789100000, 0x0000000789200000, 0x0000000789200000|100%| S|  |TAMS 0x0000000789100000, 0x0000000789100000| Complete 
| 146|0x0000000789200000, 0x0000000789300000, 0x0000000789300000|100%| E|CS|TAMS 0x0000000789200000, 0x0000000789200000| Complete 
| 147|0x0000000789300000, 0x0000000789400000, 0x0000000789400000|100%| E|CS|TAMS 0x0000000789300000, 0x0000000789300000| Complete 
| 148|0x0000000789400000, 0x0000000789500000, 0x0000000789500000|100%| E|CS|TAMS 0x0000000789400000, 0x0000000789400000| Complete 
| 149|0x0000000789500000, 0x0000000789600000, 0x0000000789600000|100%| E|CS|TAMS 0x0000000789500000, 0x0000000789500000| Complete 
| 150|0x0000000789600000, 0x0000000789700000, 0x0000000789700000|100%| E|CS|TAMS 0x0000000789600000, 0x0000000789600000| Complete 
| 151|0x0000000789700000, 0x0000000789800000, 0x0000000789800000|100%| E|CS|TAMS 0x0000000789700000, 0x0000000789700000| Complete 
| 152|0x0000000789800000, 0x0000000789900000, 0x0000000789900000|100%| E|CS|TAMS 0x0000000789800000, 0x0000000789800000| Complete 
| 153|0x0000000789900000, 0x0000000789a00000, 0x0000000789a00000|100%| E|CS|TAMS 0x0000000789900000, 0x0000000789900000| Complete 
| 154|0x0000000789a00000, 0x0000000789b00000, 0x0000000789b00000|100%| E|CS|TAMS 0x0000000789a00000, 0x0000000789a00000| Complete 
| 155|0x0000000789b00000, 0x0000000789c00000, 0x0000000789c00000|100%| E|CS|TAMS 0x0000000789b00000, 0x0000000789b00000| Complete 
| 156|0x0000000789c00000, 0x0000000789d00000, 0x0000000789d00000|100%| E|CS|TAMS 0x0000000789c00000, 0x0000000789c00000| Complete 
| 157|0x0000000789d00000, 0x0000000789e00000, 0x0000000789e00000|100%| E|CS|TAMS 0x0000000789d00000, 0x0000000789d00000| Complete 
| 158|0x0000000789e00000, 0x0000000789f00000, 0x0000000789f00000|100%| E|CS|TAMS 0x0000000789e00000, 0x0000000789e00000| Complete 
| 159|0x0000000789f00000, 0x000000078a000000, 0x000000078a000000|100%| E|CS|TAMS 0x0000000789f00000, 0x0000000789f00000| Complete 
| 160|0x000000078a000000, 0x000000078a100000, 0x000000078a100000|100%| E|CS|TAMS 0x000000078a000000, 0x000000078a000000| Complete 
| 161|0x000000078a100000, 0x000000078a200000, 0x000000078a200000|100%| E|CS|TAMS 0x000000078a100000, 0x000000078a100000| Complete 
| 162|0x000000078a200000, 0x000000078a300000, 0x000000078a300000|100%| E|CS|TAMS 0x000000078a200000, 0x000000078a200000| Complete 
| 163|0x000000078a300000, 0x000000078a400000, 0x000000078a400000|100%| E|CS|TAMS 0x000000078a300000, 0x000000078a300000| Complete 
| 164|0x000000078a400000, 0x000000078a500000, 0x000000078a500000|100%| E|CS|TAMS 0x000000078a400000, 0x000000078a400000| Complete 
| 165|0x000000078a500000, 0x000000078a600000, 0x000000078a600000|100%| E|CS|TAMS 0x000000078a500000, 0x000000078a500000| Complete 
| 166|0x000000078a600000, 0x000000078a700000, 0x000000078a700000|100%| E|CS|TAMS 0x000000078a600000, 0x000000078a600000| Complete 
| 167|0x000000078a700000, 0x000000078a800000, 0x000000078a800000|100%| E|CS|TAMS 0x000000078a700000, 0x000000078a700000| Complete 
| 168|0x000000078a800000, 0x000000078a900000, 0x000000078a900000|100%| E|CS|TAMS 0x000000078a800000, 0x000000078a800000| Complete 
| 169|0x000000078a900000, 0x000000078aa00000, 0x000000078aa00000|100%| E|CS|TAMS 0x000000078a900000, 0x000000078a900000| Complete 
| 170|0x000000078aa00000, 0x000000078ab00000, 0x000000078ab00000|100%| E|CS|TAMS 0x000000078aa00000, 0x000000078aa00000| Complete 
| 171|0x000000078ab00000, 0x000000078ac00000, 0x000000078ac00000|100%| E|CS|TAMS 0x000000078ab00000, 0x000000078ab00000| Complete 
| 172|0x000000078ac00000, 0x000000078ad00000, 0x000000078ad00000|100%| E|CS|TAMS 0x000000078ac00000, 0x000000078ac00000| Complete 
| 173|0x000000078ad00000, 0x000000078ae00000, 0x000000078ae00000|100%| E|CS|TAMS 0x000000078ad00000, 0x000000078ad00000| Complete 
| 174|0x000000078ae00000, 0x000000078af00000, 0x000000078af00000|100%| E|CS|TAMS 0x000000078ae00000, 0x000000078ae00000| Complete 
| 175|0x000000078af00000, 0x000000078b000000, 0x000000078b000000|100%| E|CS|TAMS 0x000000078af00000, 0x000000078af00000| Complete 
| 176|0x000000078b000000, 0x000000078b100000, 0x000000078b100000|100%| E|CS|TAMS 0x000000078b000000, 0x000000078b000000| Complete 
| 177|0x000000078b100000, 0x000000078b200000, 0x000000078b200000|100%| E|CS|TAMS 0x000000078b100000, 0x000000078b100000| Complete 
| 178|0x000000078b200000, 0x000000078b300000, 0x000000078b300000|100%| E|CS|TAMS 0x000000078b200000, 0x000000078b200000| Complete 
| 179|0x000000078b300000, 0x000000078b400000, 0x000000078b400000|100%| E|CS|TAMS 0x000000078b300000, 0x000000078b300000| Complete 
| 180|0x000000078b400000, 0x000000078b500000, 0x000000078b500000|100%| E|CS|TAMS 0x000000078b400000, 0x000000078b400000| Complete 
| 181|0x000000078b500000, 0x000000078b600000, 0x000000078b600000|100%| E|CS|TAMS 0x000000078b500000, 0x000000078b500000| Complete 
| 182|0x000000078b600000, 0x000000078b700000, 0x000000078b700000|100%| E|CS|TAMS 0x000000078b600000, 0x000000078b600000| Complete 
| 183|0x000000078b700000, 0x000000078b800000, 0x000000078b800000|100%| E|CS|TAMS 0x000000078b700000, 0x000000078b700000| Complete 
| 184|0x000000078b800000, 0x000000078b900000, 0x000000078b900000|100%| E|CS|TAMS 0x000000078b800000, 0x000000078b800000| Complete 
| 185|0x000000078b900000, 0x000000078ba00000, 0x000000078ba00000|100%| E|CS|TAMS 0x000000078b900000, 0x000000078b900000| Complete 
| 186|0x000000078ba00000, 0x000000078bb00000, 0x000000078bb00000|100%| E|CS|TAMS 0x000000078ba00000, 0x000000078ba00000| Complete 
| 187|0x000000078bb00000, 0x000000078bc00000, 0x000000078bc00000|100%| E|CS|TAMS 0x000000078bb00000, 0x000000078bb00000| Complete 
| 188|0x000000078bc00000, 0x000000078bd00000, 0x000000078bd00000|100%| E|CS|TAMS 0x000000078bc00000, 0x000000078bc00000| Complete 
| 189|0x000000078bd00000, 0x000000078be00000, 0x000000078be00000|100%| E|CS|TAMS 0x000000078bd00000, 0x000000078bd00000| Complete 
| 190|0x000000078be00000, 0x000000078bf00000, 0x000000078bf00000|100%| E|CS|TAMS 0x000000078be00000, 0x000000078be00000| Complete 
| 191|0x000000078bf00000, 0x000000078c000000, 0x000000078c000000|100%| E|CS|TAMS 0x000000078bf00000, 0x000000078bf00000| Complete 

Card table byte_map: [0x000000011ddd9000,0x000000011e1d9000] _byte_map_base: 0x000000011a1d9000

Marking Bits (Prev, Next): (CMBitMap*) 0x00007fa213039a18, (CMBitMap*) 0x00007fa213039a50
 Prev Bits: [0x000000011e5d9000, 0x00000001205d9000)
 Next Bits: [0x00000001205d9000, 0x00000001225d9000)

Polling page: 0x0000000108ef1000

Metaspace:

Usage:
  Non-class:     87.34 MB capacity,    85.70 MB ( 98%) used,     1.33 MB (  2%) free+waste,   321.94 KB ( <1%) overhead. 
      Class:     13.92 MB capacity,    12.90 MB ( 93%) used,   895.37 KB (  6%) free+waste,   147.56 KB (  1%) overhead. 
       Both:    101.26 MB capacity,    98.60 MB ( 97%) used,     2.20 MB (  2%) free+waste,   469.50 KB ( <1%) overhead. 

Virtual space:
  Non-class space:       88.00 MB reserved,      87.50 MB (>99%) committed 
      Class space:        1.00 GB reserved,      13.95 MB (  1%) committed 
             Both:        1.09 GB reserved,     101.45 MB (  9%) committed 

Chunk freelists:
   Non-Class:  16.00 KB
       Class:  0 bytes
        Both:  16.00 KB

MaxMetaspaceSize: unlimited
CompressedClassSpaceSize: 1.00 GB

CodeHeap 'non-profiled nmethods': size=120032Kb used=9023Kb max_used=9023Kb free=111008Kb
 bounds [0x00000001168a1000, 0x0000000117171000, 0x000000011ddd9000]
CodeHeap 'profiled nmethods': size=120032Kb used=27490Kb max_used=27490Kb free=92541Kb
 bounds [0x000000010f369000, 0x0000000110e49000, 0x00000001168a1000]
CodeHeap 'non-nmethods': size=5696Kb used=2297Kb max_used=2339Kb free=3398Kb
 bounds [0x000000010edd9000, 0x000000010f049000, 0x000000010f369000]
 total_blobs=13711 nmethods=12805 adapters=817
 compilation: enabled
              stopped_count=0, restarted_count=0
 full_count=0

Compilation events (20 events):
Event: 75.965 Thread 0x00007fa21402a800 nmethod 12948 0x0000000110e3d610 code [0x0000000110e3d7e0, 0x0000000110e3daa0]
Event: 75.965 Thread 0x00007fa21402a800 12949       3       com.android.tools.r8.internal.II0::a (12 bytes)
Event: 75.965 Thread 0x00007fa21402a800 nmethod 12949 0x0000000110e3db90 code [0x0000000110e3dd80, 0x0000000110e3e140]
Event: 75.966 Thread 0x00007fa21402a800 12958       3       com.android.tools.r8.internal.Be1::equals (26 bytes)
Event: 75.966 Thread 0x00007fa214029800 nmethod 12957 0x0000000117170010 code [0x00000001171701a0, 0x00000001171702f8]
Event: 75.967 Thread 0x00007fa21402a800 nmethod 12958 0x0000000110e3e290 code [0x0000000110e3e520, 0x0000000110e3f420]
Event: 75.967 Thread 0x00007fa21402a800 12959   !   3       com.android.tools.r8.graph.W0::toString (17 bytes)
Event: 75.968 Thread 0x00007fa21402a800 nmethod 12959 0x0000000110e3f890 code [0x0000000110e3faa0, 0x0000000110e3ffb0]
Event: 75.968 Thread 0x00007fa21402a800 12962       3       java.util.LinkedList::toArray (39 bytes)
Event: 75.968 Thread 0x00007fa21402a800 nmethod 12962 0x0000000110e40210 code [0x0000000110e403e0, 0x0000000110e40810]
Event: 75.968 Thread 0x00007fa21402a800 12961       3       com.android.tools.r8.internal.XR0::hasNext (33 bytes)
Event: 75.969 Thread 0x00007fa21402a800 nmethod 12961 0x0000000110e40990 code [0x0000000110e40b60, 0x0000000110e40eb0]
Event: 75.969 Thread 0x00007fa21402a800 12963       1       com.android.tools.r8.internal.tn1::size (2 bytes)
Event: 75.969 Thread 0x00007fa21402a800 nmethod 12963 0x0000000117170410 code [0x00000001171705c0, 0x0000000117170670]
Event: 75.969 Thread 0x00007fa21402a800 12960       3       com.android.tools.r8.internal.aF0::<init> (5 bytes)
Event: 75.969 Thread 0x00007fa214029800 12965       4       com.android.tools.r8.internal.gB0::next (19 bytes)
Event: 75.969 Thread 0x00007fa21402a800 nmethod 12960 0x0000000110e40f90 code [0x0000000110e41140, 0x0000000110e412f0]
Event: 75.969 Thread 0x00007fa21402a800 12964       3       com.android.tools.r8.internal.EY0::<init> (10 bytes)
Event: 75.969 Thread 0x00007fa21402a800 nmethod 12964 0x0000000110e41410 code [0x0000000110e415c0, 0x0000000110e417d0]
Event: 75.973 Thread 0x00007fa214029800 nmethod 12965 0x0000000117170710 code [0x00000001171708c0, 0x0000000117170c98]

GC Heap History (20 events):
Event: 35.114 GC heap after
{Heap after GC invocations=18 (full 0):
 garbage-first heap   total 196608K, used 62735K [0x0000000780000000, 0x0000000800000000)
  region size 1024K, 11 young (11264K), 11 survivors (11264K)
 Metaspace       used 71330K, capacity 72943K, committed 73292K, reserved 1112064K
  class space    used 9308K, capacity 9921K, committed 10060K, reserved 1048576K
}
Event: 37.759 GC heap before
{Heap before GC invocations=18 (full 0):
 garbage-first heap   total 196608K, used 137487K [0x0000000780000000, 0x0000000800000000)
  region size 1024K, 84 young (86016K), 11 survivors (11264K)
 Metaspace       used 78424K, capacity 80329K, committed 80460K, reserved 1118208K
  class space    used 10313K, capacity 11025K, committed 11084K, reserved 1048576K
}
Event: 37.782 GC heap after
{Heap after GC invocations=19 (full 0):
 garbage-first heap   total 196608K, used 68385K [0x0000000780000000, 0x0000000800000000)
  region size 1024K, 11 young (11264K), 11 survivors (11264K)
 Metaspace       used 78424K, capacity 80329K, committed 80460K, reserved 1118208K
  class space    used 10313K, capacity 11025K, committed 11084K, reserved 1048576K
}
Event: 43.008 GC heap before
{Heap before GC invocations=19 (full 0):
 garbage-first heap   total 196608K, used 142113K [0x0000000780000000, 0x0000000800000000)
  region size 1024K, 84 young (86016K), 11 survivors (11264K)
 Metaspace       used 80247K, capacity 82261K, committed 82508K, reserved 1120256K
  class space    used 10495K, capacity 11238K, committed 11340K, reserved 1048576K
}
Event: 43.032 GC heap after
{Heap after GC invocations=20 (full 0):
 garbage-first heap   total 196608K, used 73638K [0x0000000780000000, 0x0000000800000000)
  region size 1024K, 11 young (11264K), 11 survivors (11264K)
 Metaspace       used 80247K, capacity 82261K, committed 82508K, reserved 1120256K
  class space    used 10495K, capacity 11238K, committed 11340K, reserved 1048576K
}
Event: 47.404 GC heap before
{Heap before GC invocations=20 (full 0):
 garbage-first heap   total 196608K, used 146342K [0x0000000780000000, 0x0000000800000000)
  region size 1024K, 83 young (84992K), 11 survivors (11264K)
 Metaspace       used 80997K, capacity 83091K, committed 83276K, reserved 1122304K
  class space    used 10545K, capacity 11298K, committed 11340K, reserved 1048576K
}
Event: 47.435 GC heap after
{Heap after GC invocations=21 (full 0):
 garbage-first heap   total 196608K, used 79086K [0x0000000780000000, 0x0000000800000000)
  region size 1024K, 11 young (11264K), 11 survivors (11264K)
 Metaspace       used 80997K, capacity 83091K, committed 83276K, reserved 1122304K
  class space    used 10545K, capacity 11298K, committed 11340K, reserved 1048576K
}
Event: 52.393 GC heap before
{Heap before GC invocations=21 (full 0):
 garbage-first heap   total 196608K, used 150766K [0x0000000780000000, 0x0000000800000000)
  region size 1024K, 82 young (83968K), 11 survivors (11264K)
 Metaspace       used 81317K, capacity 83500K, committed 83660K, reserved 1122304K
  class space    used 10583K, capacity 11379K, committed 11468K, reserved 1048576K
}
Event: 52.418 GC heap after
{Heap after GC invocations=22 (full 0):
 garbage-first heap   total 196608K, used 83680K [0x0000000780000000, 0x0000000800000000)
  region size 1024K, 10 young (10240K), 10 survivors (10240K)
 Metaspace       used 81317K, capacity 83500K, committed 83660K, reserved 1122304K
  class space    used 10583K, capacity 11379K, committed 11468K, reserved 1048576K
}
Event: 55.097 GC heap before
{Heap before GC invocations=22 (full 0):
 garbage-first heap   total 196608K, used 154336K [0x0000000780000000, 0x0000000800000000)
  region size 1024K, 80 young (81920K), 10 survivors (10240K)
 Metaspace       used 84440K, capacity 86597K, committed 86860K, reserved 1124352K
  class space    used 10951K, capacity 11731K, committed 11852K, reserved 1048576K
}
Event: 55.139 GC heap after
{Heap after GC invocations=23 (full 0):
 garbage-first heap   total 196608K, used 92418K [0x0000000780000000, 0x0000000800000000)
  region size 1024K, 10 young (10240K), 10 survivors (10240K)
 Metaspace       used 84440K, capacity 86597K, committed 86860K, reserved 1124352K
  class space    used 10951K, capacity 11731K, committed 11852K, reserved 1048576K
}
Event: 59.993 GC heap before
{Heap before GC invocations=23 (full 0):
 garbage-first heap   total 196608K, used 155906K [0x0000000780000000, 0x0000000800000000)
  region size 1024K, 71 young (72704K), 10 survivors (10240K)
 Metaspace       used 89812K, capacity 92045K, committed 92364K, reserved 1128448K
  class space    used 11601K, capacity 12394K, committed 12492K, reserved 1048576K
}
Event: 60.027 GC heap after
{Heap after GC invocations=24 (full 0):
 garbage-first heap   total 196608K, used 107230K [0x0000000780000000, 0x0000000800000000)
  region size 1024K, 9 young (9216K), 9 survivors (9216K)
 Metaspace       used 89812K, capacity 92045K, committed 92364K, reserved 1128448K
  class space    used 11601K, capacity 12394K, committed 12492K, reserved 1048576K
}
Event: 62.201 GC heap before
{Heap before GC invocations=24 (full 0):
 garbage-first heap   total 196608K, used 154334K [0x0000000780000000, 0x0000000800000000)
  region size 1024K, 56 young (57344K), 9 survivors (9216K)
 Metaspace       used 92304K, capacity 94769K, committed 95052K, reserved 1132544K
  class space    used 11884K, capacity 12830K, committed 12876K, reserved 1048576K
}
Event: 62.242 GC heap after
{Heap after GC invocations=25 (full 0):
 garbage-first heap   total 196608K, used 110488K [0x0000000780000000, 0x0000000800000000)
  region size 1024K, 6 young (6144K), 6 survivors (6144K)
 Metaspace       used 92304K, capacity 94769K, committed 95052K, reserved 1132544K
  class space    used 11884K, capacity 12830K, committed 12876K, reserved 1048576K
}
Event: 64.644 GC heap before
{Heap before GC invocations=26 (full 0):
 garbage-first heap   total 196608K, used 155544K [0x0000000780000000, 0x0000000800000000)
  region size 1024K, 51 young (52224K), 6 survivors (6144K)
 Metaspace       used 92259K, capacity 94748K, committed 95052K, reserved 1132544K
  class space    used 11867K, capacity 12801K, committed 12876K, reserved 1048576K
}
Event: 64.661 GC heap after
{Heap after GC invocations=27 (full 0):
 garbage-first heap   total 196608K, used 112640K [0x0000000780000000, 0x0000000800000000)
  region size 1024K, 3 young (3072K), 3 survivors (3072K)
 Metaspace       used 92259K, capacity 94748K, committed 95052K, reserved 1132544K
  class space    used 11867K, capacity 12801K, committed 12876K, reserved 1048576K
}
Event: 67.747 GC heap before
{Heap before GC invocations=27 (full 0):
 garbage-first heap   total 196608K, used 158720K [0x0000000780000000, 0x0000000800000000)
  region size 1024K, 49 young (50176K), 3 survivors (3072K)
 Metaspace       used 92299K, capacity 94760K, committed 95052K, reserved 1132544K
  class space    used 11870K, capacity 12803K, committed 12876K, reserved 1048576K
}
Event: 67.758 GC heap after
{Heap after GC invocations=28 (full 0):
 garbage-first heap   total 196608K, used 114518K [0x0000000780000000, 0x0000000800000000)
  region size 1024K, 5 young (5120K), 5 survivors (5120K)
 Metaspace       used 92299K, capacity 94760K, committed 95052K, reserved 1132544K
  class space    used 11870K, capacity 12803K, committed 12876K, reserved 1048576K
}
Event: 76.345 GC heap before
{Heap before GC invocations=29 (full 0):
 garbage-first heap   total 196608K, used 159574K [0x0000000780000000, 0x0000000800000000)
  region size 1024K, 51 young (52224K), 5 survivors (5120K)
 Metaspace       used 100967K, capacity 103690K, committed 103884K, reserved 1138688K
  class space    used 13211K, capacity 14254K, committed 14284K, reserved 1048576K
}

Deoptimization events (20 events):
Event: 69.970 Thread 0x00007fa213bf5800 Uncommon trap: trap_request=0xffffffc6 fr.pc=0x000000011709f67c relative=0x000000000000167c
Event: 69.970 Thread 0x00007fa213bf5800 Uncommon trap: reason=bimorphic_or_optimized_type_check action=maybe_recompile pc=0x000000011709f67c method=java.util.concurrent.ConcurrentHashMap.putVal(Ljava/lang/Object;Ljava/lang/Object;Z)Ljava/lang/Object; @ 159 c2
Event: 69.970 Thread 0x00007fa213bf5800 DEOPT PACKING pc=0x000000011709f67c sp=0x000070000aa2bd60
Event: 69.970 Thread 0x00007fa213bf5800 DEOPT UNPACKING pc=0x000000010edfe8a5 sp=0x000070000aa2bcf0 mode 2
Event: 70.208 Thread 0x00007fa213bf5800 Uncommon trap: trap_request=0xffffff4d fr.pc=0x0000000116fd01ec relative=0x00000000000001cc
Event: 70.208 Thread 0x00007fa213bf5800 Uncommon trap: reason=unstable_if action=reinterpret pc=0x0000000116fd01ec method=jdk.internal.util.ArraysSupport.mismatch([B[BI)I @ 60 c2
Event: 70.208 Thread 0x00007fa213bf5800 DEOPT PACKING pc=0x0000000116fd01ec sp=0x000070000aa2bd20
Event: 70.208 Thread 0x00007fa213bf5800 DEOPT UNPACKING pc=0x000000010edfe8a5 sp=0x000070000aa2bc68 mode 2
Event: 70.699 Thread 0x00007fa213bf5800 Uncommon trap: trap_request=0xffffff4d fr.pc=0x00000001171359cc relative=0x000000000000156c
Event: 70.699 Thread 0x00007fa213bf5800 Uncommon trap: reason=unstable_if action=reinterpret pc=0x00000001171359cc method=java.util.concurrent.ConcurrentHashMap.putVal(Ljava/lang/Object;Ljava/lang/Object;Z)Ljava/lang/Object; @ 162 c2
Event: 70.699 Thread 0x00007fa213bf5800 DEOPT PACKING pc=0x00000001171359cc sp=0x000070000aa2b630
Event: 70.699 Thread 0x00007fa213bf5800 DEOPT UNPACKING pc=0x000000010edfe8a5 sp=0x000070000aa2b5d8 mode 2
Event: 70.699 Thread 0x00007fa213bf5800 Uncommon trap: trap_request=0xffffff4d fr.pc=0x0000000116db4f44 relative=0x0000000000000164
Event: 70.699 Thread 0x00007fa213bf5800 Uncommon trap: reason=unstable_if action=reinterpret pc=0x0000000116db4f44 method=com.google.common.collect.MapMakerInternalMap$Segment.getEntry(Ljava/lang/Object;I)Lcom/google/common/collect/MapMakerInternalMap$InternalEntry; @ 63 c2
Event: 70.699 Thread 0x00007fa213bf5800 DEOPT PACKING pc=0x0000000116db4f44 sp=0x000070000aa2b500
Event: 70.699 Thread 0x00007fa213bf5800 DEOPT UNPACKING pc=0x000000010edfe8a5 sp=0x000070000aa2b4b8 mode 2
Event: 75.917 Thread 0x00007fa213bf5800 Uncommon trap: trap_request=0xffffff4d fr.pc=0x0000000116ad9328 relative=0x0000000000000c88
Event: 75.917 Thread 0x00007fa213bf5800 Uncommon trap: reason=unstable_if action=reinterpret pc=0x0000000116ad9328 method=java.util.HashMap.computeIfAbsent(Ljava/lang/Object;Ljava/util/function/Function;)Ljava/lang/Object; @ 145 c2
Event: 75.917 Thread 0x00007fa213bf5800 DEOPT PACKING pc=0x0000000116ad9328 sp=0x000070000aa2af00
Event: 75.917 Thread 0x00007fa213bf5800 DEOPT UNPACKING pc=0x000000010edfe8a5 sp=0x000070000aa2aed0 mode 2

Classes redefined (0 events):
No events

Internal exceptions (20 events):
Event: 56.436 Thread 0x00007fa21775f800 Exception <a 'java/lang/NoSuchMethodError'{0x000000078bdddb40}: 'java.lang.Object java.lang.invoke.Invokers$Holder.linkToTargetMethod(java.lang.Object, java.lang.Object, java.lang.Object, int, int, java.lang.Object)'> (0x000000078bdddb40) thrown at [src/hotspot/share/interpreter/linkResolver.cpp, line 773]
Event: 60.034 Thread 0x00007fa21775f800 Implicit null exception at 0x000000011701da0a to 0x000000011701e5a0
Event: 60.428 Thread 0x00007fa21775f800 Exception <a 'java/lang/NoSuchMethodError'{0x000000078b46bdb8}: 'int java.lang.invoke.DirectMethodHandle$Holder.invokeVirtual(java.lang.Object, java.lang.Object, java.lang.Object, java.lang.Object)'> (0x000000078b46bdb8) thrown at [src/hotspot/share/interpreter/linkResolver.cpp, line 773]
Event: 60.932 Thread 0x00007fa21775f800 Implicit null exception at 0x0000000116ba3419 to 0x0000000116ba3c28
Event: 61.603 Thread 0x00007fa21775f800 Exception <a 'java/lang/NoSuchMethodError'{0x0000000789fee5f0}: 'void java.lang.invoke.DirectMethodHandle$Holder.invokeStatic(java.lang.Object, java.lang.Object, java.lang.Object, java.lang.Object, java.lang.Object, java.lang.Object, java.lang.Object)'> (0x0000000789fee5f0) thrown at [src/hotspot/share/interpreter/linkResolver.cpp, line 773]
Event: 61.616 Thread 0x00007fa213b9d800 Exception <a 'java/lang/NoSuchMethodError'{0x0000000789d1cf18}: <clinit>> (0x0000000789d1cf18) thrown at [src/hotspot/share/prims/jni.cpp, line 1362]
Event: 61.620 Thread 0x00007fa213b9d800 Exception <a 'java/lang/NoSuchMethodError'{0x0000000789d6ec60}: <clinit>> (0x0000000789d6ec60) thrown at [src/hotspot/share/prims/jni.cpp, line 1362]
Event: 68.949 Thread 0x00007fa2134e2000 Exception <a 'java/lang/NoSuchMethodError'{0x000000078b5e8580}: <clinit>> (0x000000078b5e8580) thrown at [src/hotspot/share/prims/jni.cpp, line 1362]
Event: 70.886 Thread 0x00007fa213bf5800 Exception <a 'java/lang/NoSuchMethodError'{0x000000078a9ab640}: 'java.lang.Object java.lang.invoke.DirectMethodHandle$Holder.invokeStaticInit(java.lang.Object, java.lang.Object, java.lang.Object, java.lang.Object, java.lang.Object, java.lang.Object, java.lang.Object, java.lang.Object, java.lang.Object, java.lang.Object, java.lang.Object, java.lang.Object, java.lang.Object, java.lang.Object, java.lang.Object, java.lang.Object, java.lang.Object, java.lang.Object, int, java.lang.Object, java.lang.Object)'> (0
Event: 71.049 Thread 0x00007fa213bf5800 Exception <a 'java/lang/IncompatibleClassChangeError'{0x000000078a892d30}: Found class java.lang.Object, but interface was expected> (0x000000078a892d30) thrown at [src/hotspot/share/interpreter/linkResolver.cpp, line 839]
Event: 71.467 Thread 0x00007fa213bf5800 Exception <a 'java/lang/NoSuchMethodError'{0x000000078a656b38}: 'java.lang.Object java.lang.invoke.DirectMethodHandle$Holder.invokeStatic(java.lang.Object, long)'> (0x000000078a656b38) thrown at [src/hotspot/share/interpreter/linkResolver.cpp, line 773]
Event: 71.467 Thread 0x00007fa213bf5800 Exception <a 'java/lang/NoSuchMethodError'{0x000000078a65d100}: 'java.lang.Object java.lang.invoke.Invokers$Holder.linkToTargetMethod(long, java.lang.Object)'> (0x000000078a65d100) thrown at [src/hotspot/share/interpreter/linkResolver.cpp, line 773]
Event: 72.340 Thread 0x00007fa213bf5800 Exception <a 'java/lang/IncompatibleClassChangeError'{0x000000078a3a8c18}: Found class java.lang.Object, but interface was expected> (0x000000078a3a8c18) thrown at [src/hotspot/share/interpreter/linkResolver.cpp, line 839]
Event: 73.237 Thread 0x00007fa213bf5800 Exception <a 'java/lang/NoSuchMethodError'{0x0000000789f6e9b8}: 'java.lang.Object java.lang.invoke.DirectMethodHandle$Holder.invokeStatic(java.lang.Object, int, java.lang.Object, java.lang.Object)'> (0x0000000789f6e9b8) thrown at [src/hotspot/share/interpreter/linkResolver.cpp, line 773]
Event: 74.554 Thread 0x00007fa213bf5800 Exception <a 'java/lang/NoSuchMethodError'{0x0000000789abe0d8}: 'java.lang.Object java.lang.invoke.DirectMethodHandle$Holder.invokeVirtual(java.lang.Object, java.lang.Object, int, java.lang.Object)'> (0x0000000789abe0d8) thrown at [src/hotspot/share/interpreter/linkResolver.cpp, line 773]
Event: 74.675 Thread 0x00007fa213bf5800 Exception <a 'java/lang/IncompatibleClassChangeError'{0x0000000789934aa0}: Found class java.lang.Object, but interface was expected> (0x0000000789934aa0) thrown at [src/hotspot/share/interpreter/linkResolver.cpp, line 839]
Event: 74.680 Thread 0x00007fa213bf5800 Exception <a 'java/lang/IncompatibleClassChangeError'{0x000000078993e5b0}: Found class java.lang.Object, but interface was expected> (0x000000078993e5b0) thrown at [src/hotspot/share/interpreter/linkResolver.cpp, line 839]
Event: 74.774 Thread 0x00007fa213bf5800 Exception <a 'java/lang/NoSuchMethodError'{0x00000007899dc118}: 'void java.lang.invoke.DirectMethodHandle$Holder.invokeVirtual(java.lang.Object, java.lang.Object, int, java.lang.Object)'> (0x00000007899dc118) thrown at [src/hotspot/share/interpreter/linkResolver.cpp, line 773]
Event: 75.323 Thread 0x00007fa213bf5800 Exception <a 'java/lang/NoSuchMethodError'{0x0000000789619c88}: 'java.lang.Object java.lang.invoke.DirectMethodHandle$Holder.newInvokeSpecial(java.lang.Object, int)'> (0x0000000789619c88) thrown at [src/hotspot/share/interpreter/linkResolver.cpp, line 773]
Event: 75.449 Thread 0x00007fa213bf5800 Exception <a 'java/lang/NoSuchMethodError'{0x00000007895029f8}: 'long java.lang.invoke.DirectMethodHandle$Holder.invokeStatic(java.lang.Object, java.lang.Object)'> (0x00000007895029f8) thrown at [src/hotspot/share/interpreter/linkResolver.cpp, line 773]

Events (20 events):
Event: 76.145 loading class com/android/tools/r8/graph/X0 done
Event: 76.145 loading class com/android/tools/r8/synthesis/b
Event: 76.145 loading class com/android/tools/r8/synthesis/b done
Event: 76.147 loading class com/android/tools/r8/graph/X0
Event: 76.147 loading class com/android/tools/r8/graph/X0 done
Event: 76.147 loading class java/util/IdentityHashMap$EntrySet
Event: 76.148 loading class java/util/IdentityHashMap$EntrySet done
Event: 76.148 loading class com/android/tools/r8/internal/G61
Event: 76.148 loading class com/android/tools/r8/internal/G61 done
Event: 76.157 loading class com/android/tools/r8/internal/aZ0
Event: 76.157 loading class com/android/tools/r8/internal/aZ0 done
Event: 76.168 loading class com/android/tools/r8/internal/WY0
Event: 76.168 loading class com/android/tools/r8/internal/WY0 done
Event: 76.174 loading class com/android/tools/r8/internal/SY0
Event: 76.174 loading class com/android/tools/r8/internal/SY0 done
Event: 76.188 loading class com/android/tools/r8/internal/RY0
Event: 76.188 loading class com/android/tools/r8/internal/RY0 done
Event: 76.194 loading class com/android/tools/r8/internal/VY0
Event: 76.194 loading class com/android/tools/r8/internal/VY0 done
Event: 76.345 Executing VM operation: G1CollectForAllocation


Dynamic libraries:
0x00007fff35180000 	/System/Library/Frameworks/Cocoa.framework/Versions/A/Cocoa
0x00007fff427e2000 	/System/Library/Frameworks/Security.framework/Versions/A/Security
0x00007fff340e6000 	/System/Library/Frameworks/ApplicationServices.framework/Versions/A/ApplicationServices
0x0000000108e61000 	/Applications/Android Studio.app/Contents/jre/Contents/Home/lib/jli/libjli.dylib
0x00007fff6ce5e000 	/usr/lib/libSystem.B.dylib
0x00007fff332d8000 	/System/Library/Frameworks/AppKit.framework/Versions/C/AppKit
0x00007fff35b04000 	/System/Library/Frameworks/CoreData.framework/Versions/A/CoreData
0x00007fff38717000 	/System/Library/Frameworks/Foundation.framework/Versions/C/Foundation
0x00007fff670bb000 	/System/Library/PrivateFrameworks/UIFoundation.framework/Versions/A/UIFoundation
0x00007fff6214f000 	/System/Library/PrivateFrameworks/RemoteViewServices.framework/Versions/A/RemoteViewServices
0x00007fff699ce000 	/System/Library/PrivateFrameworks/XCTTargetBootstrap.framework/Versions/A/XCTTargetBootstrap
0x00007fff35f00000 	/System/Library/Frameworks/CoreDisplay.framework/Versions/A/CoreDisplay
0x00007fff3b5d6000 	/System/Library/Frameworks/Metal.framework/Versions/A/Metal
0x00007fff4ffde000 	/System/Library/PrivateFrameworks/DesktopServicesPriv.framework/Versions/A/DesktopServicesPriv
0x00007fff6e032000 	/usr/lib/liblangid.dylib
0x00007fff4f273000 	/System/Library/PrivateFrameworks/CoreSVG.framework/Versions/A/CoreSVG
0x00007fff652ab000 	/System/Library/PrivateFrameworks/SkyLight.framework/Versions/A/SkyLight
0x00007fff364b6000 	/System/Library/Frameworks/CoreGraphics.framework/Versions/A/CoreGraphics
0x00007fff31c47000 	/System/Library/Frameworks/Accelerate.framework/Versions/A/Accelerate
0x00007fff6f31b000 	/usr/lib/libxml2.2.dylib
0x00007fff5af81000 	/System/Library/PrivateFrameworks/IconServices.framework/Versions/A/IconServices
0x00007fff38ef6000 	/System/Library/Frameworks/IOSurface.framework/Versions/A/IOSurface
0x00007fff6c988000 	/usr/lib/libDiagnosticMessagesClient.dylib
0x00007fff6f42a000 	/usr/lib/libz.1.dylib
0x00007fff4fe38000 	/System/Library/PrivateFrameworks/DFRFoundation.framework/Versions/A/DFRFoundation
0x00007fff6ddc1000 	/usr/lib/libicucore.A.dylib
0x00007fff34418000 	/System/Library/Frameworks/AudioToolbox.framework/Versions/A/AudioToolbox
0x00007fff344fb000 	/System/Library/Frameworks/AudioUnit.framework/Versions/A/AudioUnit
0x00007fff6d0f6000 	/usr/lib/libauto.dylib
0x00007fff4feda000 	/System/Library/PrivateFrameworks/DataDetectorsCore.framework/Versions/A/DataDetectorsCore
0x00007fff34ca1000 	/System/Library/Frameworks/Carbon.framework/Versions/A/Frameworks/HIToolbox.framework/Versions/A/HIToolbox
0x00007fff419db000 	/System/Library/Frameworks/QuartzCore.framework/Versions/A/QuartzCore
0x00007fff34fe0000 	/System/Library/Frameworks/Carbon.framework/Versions/A/Frameworks/SpeechRecognition.framework/Versions/A/SpeechRecognition
0x00007fff4f94c000 	/System/Library/PrivateFrameworks/CoreUI.framework/Versions/A/CoreUI
0x00007fff3556f000 	/System/Library/Frameworks/CoreAudio.framework/Versions/A/CoreAudio
0x00007fff383d5000 	/System/Library/Frameworks/DiskArbitration.framework/Versions/A/DiskArbitration
0x00007fff5d128000 	/System/Library/PrivateFrameworks/MultitouchSupport.framework/Versions/A/MultitouchSupport
0x00007fff6dc86000 	/usr/lib/libenergytrace.dylib
0x00007fff38e50000 	/System/Library/Frameworks/IOKit.framework/Versions/A/IOKit
0x00007fff37440000 	/System/Library/Frameworks/CoreServices.framework/Versions/A/CoreServices
0x00007fff5f2e2000 	/System/Library/PrivateFrameworks/PerformanceAnalysis.framework/Versions/A/PerformanceAnalysis
0x00007fff40a0e000 	/System/Library/Frameworks/OpenGL.framework/Versions/A/OpenGL
0x00007fff6ed57000 	/usr/lib/libobjc.A.dylib
0x00007fff3518e000 	/System/Library/Frameworks/ColorSync.framework/Versions/A/ColorSync
0x00007fff36033000 	/System/Library/Frameworks/CoreFoundation.framework/Versions/A/CoreFoundation
0x00007fff36b5c000 	/System/Library/Frameworks/CoreImage.framework/Versions/A/CoreImage
0x00007fff37eb4000 	/System/Library/Frameworks/CoreText.framework/Versions/A/CoreText
0x00007fff38f86000 	/System/Library/Frameworks/ImageIO.framework/Versions/A/ImageIO
0x00007fff6d1da000 	/usr/lib/libc++.1.dylib
0x00007fff6d256000 	/usr/lib/libcompression.dylib
0x00007fff6cccc000 	/usr/lib/libMobileGestalt.dylib
0x00007fff66e25000 	/System/Library/PrivateFrameworks/TextureIO.framework/Versions/A/TextureIO
0x00007fff6cfc3000 	/usr/lib/libate.dylib
0x00007fff5b18a000 	/System/Library/PrivateFrameworks/InternationalSupport.framework/Versions/A/InternationalSupport
0x00007fff6fceb000 	/usr/lib/system/libcache.dylib
0x00007fff6fcf1000 	/usr/lib/system/libcommonCrypto.dylib
0x00007fff6fcfd000 	/usr/lib/system/libcompiler_rt.dylib
0x00007fff6fd05000 	/usr/lib/system/libcopyfile.dylib
0x00007fff6fd0f000 	/usr/lib/system/libcorecrypto.dylib
0x00007fff6feae000 	/usr/lib/system/libdispatch.dylib
0x00007fff6feef000 	/usr/lib/system/libdyld.dylib
0x00007fff6ff26000 	/usr/lib/system/libkeymgr.dylib
0x00007fff6ff34000 	/usr/lib/system/liblaunch.dylib
0x00007fff6ff35000 	/usr/lib/system/libmacho.dylib
0x00007fff6ff3b000 	/usr/lib/system/libquarantine.dylib
0x00007fff6ff3e000 	/usr/lib/system/libremovefile.dylib
0x00007fff6ff40000 	/usr/lib/system/libsystem_asl.dylib
0x00007fff6ff58000 	/usr/lib/system/libsystem_blocks.dylib
0x00007fff6ff59000 	/usr/lib/system/libsystem_c.dylib
0x00007fff6ffe1000 	/usr/lib/system/libsystem_configuration.dylib
0x00007fff6ffe5000 	/usr/lib/system/libsystem_coreservices.dylib
0x00007fff6ffe9000 	/usr/lib/system/libsystem_darwin.dylib
0x00007fff6fff2000 	/usr/lib/system/libsystem_dnssd.dylib
0x00007fff6fffa000 	/usr/lib/system/libsystem_featureflags.dylib
0x00007fff6fffc000 	/usr/lib/system/libsystem_info.dylib
0x00007fff70077000 	/usr/lib/system/libsystem_m.dylib
0x00007fff700c3000 	/usr/lib/system/libsystem_malloc.dylib
0x00007fff700eb000 	/usr/lib/system/libsystem_networkextension.dylib
0x00007fff700f9000 	/usr/lib/system/libsystem_notify.dylib
0x00007fff70117000 	/usr/lib/system/libsystem_sandbox.dylib
0x00007fff7011c000 	/usr/lib/system/libsystem_secinit.dylib
0x00007fff7004a000 	/usr/lib/system/libsystem_kernel.dylib
0x00007fff70103000 	/usr/lib/system/libsystem_platform.dylib
0x00007fff7010c000 	/usr/lib/system/libsystem_pthread.dylib
0x00007fff7011f000 	/usr/lib/system/libsystem_symptoms.dylib
0x00007fff70127000 	/usr/lib/system/libsystem_trace.dylib
0x00007fff7013f000 	/usr/lib/system/libunwind.dylib
0x00007fff70145000 	/usr/lib/system/libxpc.dylib
0x00007fff6d22d000 	/usr/lib/libc++abi.dylib
0x00007fff6e034000 	/usr/lib/liblzma.5.dylib
0x00007fff6dcaf000 	/usr/lib/libfakelink.dylib
0x00007fff6cf50000 	/usr/lib/libarchive.2.dylib
0x00007fff43895000 	/System/Library/Frameworks/SystemConfiguration.framework/Versions/A/SystemConfiguration
0x00007fff6c8bb000 	/usr/lib/libCRFSuite.dylib
0x00007fff34892000 	/System/Library/Frameworks/CFNetwork.framework/Versions/A/CFNetwork
0x00007fff6d1bc000 	/usr/lib/libbsm.0.dylib
0x00007fff6ff27000 	/usr/lib/system/libkxld.dylib
0x00007fff497b1000 	/System/Library/PrivateFrameworks/AppleFSCompression.framework/Versions/A/AppleFSCompression
0x00007fff6d548000 	/usr/lib/libcoretls.dylib
0x00007fff6d55f000 	/usr/lib/libcoretls_cfhelpers.dylib
0x00007fff6ed9c000 	/usr/lib/libpam.2.dylib
0x00007fff6eed1000 	/usr/lib/libsqlite3.dylib
0x00007fff6f308000 	/usr/lib/libxar.1.dylib
0x00007fff6d1cd000 	/usr/lib/libbz2.1.0.dylib
0x00007fff6dcd0000 	/usr/lib/libiconv.2.dylib
0x00007fff6d243000 	/usr/lib/libcharset.1.dylib
0x00007fff6e83a000 	/usr/lib/libnetwork.dylib
0x00007fff6eda3000 	/usr/lib/libpcap.A.dylib
0x00007fff6cf05000 	/usr/lib/libapple_nghttp2.dylib
0x00007fff377f7000 	/System/Library/Frameworks/CoreServices.framework/Versions/A/Frameworks/FSEvents.framework/Versions/A/FSEvents
0x00007fff374c7000 	/System/Library/Frameworks/CoreServices.framework/Versions/A/Frameworks/CarbonCore.framework/Versions/A/CarbonCore
0x00007fff37a3c000 	/System/Library/Frameworks/CoreServices.framework/Versions/A/Frameworks/Metadata.framework/Versions/A/Metadata
0x00007fff37ad5000 	/System/Library/Frameworks/CoreServices.framework/Versions/A/Frameworks/OSServices.framework/Versions/A/OSServices
0x00007fff37b03000 	/System/Library/Frameworks/CoreServices.framework/Versions/A/Frameworks/SearchKit.framework/Versions/A/SearchKit
0x00007fff37441000 	/System/Library/Frameworks/CoreServices.framework/Versions/A/Frameworks/AE.framework/Versions/A/AE
0x00007fff37800000 	/System/Library/Frameworks/CoreServices.framework/Versions/A/Frameworks/LaunchServices.framework/Versions/A/LaunchServices
0x00007fff377a9000 	/System/Library/Frameworks/CoreServices.framework/Versions/A/Frameworks/DictionaryServices.framework/Versions/A/DictionaryServices
0x00007fff37b6b000 	/System/Library/Frameworks/CoreServices.framework/Versions/A/Frameworks/SharedFileList.framework/Versions/A/SharedFileList
0x00007fff3c82d000 	/System/Library/Frameworks/NetFS.framework/Versions/A/NetFS
0x00007fff5d658000 	/System/Library/PrivateFrameworks/NetAuth.framework/Versions/A/NetAuth
0x00007fff69d9b000 	/System/Library/PrivateFrameworks/login.framework/Versions/A/Frameworks/loginsupport.framework/Versions/A/loginsupport
0x00007fff668f0000 	/System/Library/PrivateFrameworks/TCC.framework/Versions/A/TCC
0x00007fff4e3e6000 	/System/Library/PrivateFrameworks/CoreNLP.framework/Versions/A/CoreNLP
0x00007fff5c9fe000 	/System/Library/PrivateFrameworks/MetadataUtilities.framework/Versions/A/MetadataUtilities
0x00007fff6e10c000 	/usr/lib/libmecabra.dylib
0x00007fff6e064000 	/usr/lib/libmecab.dylib
0x00007fff6dcc0000 	/usr/lib/libgermantok.dylib
0x00007fff6ceec000 	/usr/lib/libThaiTokenizer.dylib
0x00007fff6c8f2000 	/usr/lib/libChineseTokenizer.dylib
0x00007fff31c60000 	/System/Library/Frameworks/Accelerate.framework/Versions/A/Frameworks/vImage.framework/Versions/A/vImage
0x00007fff3312e000 	/System/Library/Frameworks/Accelerate.framework/Versions/A/Frameworks/vecLib.framework/Versions/A/vecLib
0x00007fff32faf000 	/System/Library/Frameworks/Accelerate.framework/Versions/A/Frameworks/vecLib.framework/Versions/A/libvMisc.dylib
0x00007fff32e1c000 	/System/Library/Frameworks/Accelerate.framework/Versions/A/Frameworks/vecLib.framework/Versions/A/libvDSP.dylib
0x00007fff324fc000 	/System/Library/Frameworks/Accelerate.framework/Versions/A/Frameworks/vecLib.framework/Versions/A/libBLAS.dylib
0x00007fff329d4000 	/System/Library/Frameworks/Accelerate.framework/Versions/A/Frameworks/vecLib.framework/Versions/A/libLAPACK.dylib
0x00007fff32d7c000 	/System/Library/Frameworks/Accelerate.framework/Versions/A/Frameworks/vecLib.framework/Versions/A/libLinearAlgebra.dylib
0x00007fff32e09000 	/System/Library/Frameworks/Accelerate.framework/Versions/A/Frameworks/vecLib.framework/Versions/A/libSparseBLAS.dylib
0x00007fff32d92000 	/System/Library/Frameworks/Accelerate.framework/Versions/A/Frameworks/vecLib.framework/Versions/A/libQuadrature.dylib
0x00007fff32692000 	/System/Library/Frameworks/Accelerate.framework/Versions/A/Frameworks/vecLib.framework/Versions/A/libBNNS.dylib
0x00007fff32d98000 	/System/Library/Frameworks/Accelerate.framework/Versions/A/Frameworks/vecLib.framework/Versions/A/libSparse.dylib
0x00007fff5b572000 	/System/Library/PrivateFrameworks/LanguageModeling.framework/Versions/A/LanguageModeling
0x00007fff4dd95000 	/System/Library/PrivateFrameworks/CoreEmoji.framework/Versions/A/CoreEmoji
0x00007fff5b690000 	/System/Library/PrivateFrameworks/LinguisticData.framework/Versions/A/LinguisticData
0x00007fff5b641000 	/System/Library/PrivateFrameworks/Lexicon.framework/Versions/A/Lexicon
0x00007fff6d244000 	/usr/lib/libcmph.dylib
0x00007fff3f41c000 	/System/Library/Frameworks/OpenDirectory.framework/Versions/A/Frameworks/CFOpenDirectory.framework/Versions/A/CFOpenDirectory
0x00007fff3f439000 	/System/Library/Frameworks/OpenDirectory.framework/Versions/A/OpenDirectory
0x00007fff4787f000 	/System/Library/PrivateFrameworks/APFS.framework/Versions/A/APFS
0x00007fff42b2e000 	/System/Library/Frameworks/SecurityFoundation.framework/Versions/A/SecurityFoundation
0x00007fff6f304000 	/usr/lib/libutil.dylib
0x00007fff4f2cb000 	/System/Library/PrivateFrameworks/CoreServicesStore.framework/Versions/A/CoreServicesStore
0x00007fff42be5000 	/System/Library/Frameworks/ServiceManagement.framework/Versions/A/ServiceManagement
0x00007fff4af83000 	/System/Library/PrivateFrameworks/BackgroundTaskManagement.framework/Versions/A/BackgroundTaskManagement
0x00007fff6f401000 	/usr/lib/libxslt.1.dylib
0x00007fff49e25000 	/System/Library/PrivateFrameworks/AppleSystemInfo.framework/Versions/A/AppleSystemInfo
0x00007fff391a5000 	/System/Library/Frameworks/ImageIO.framework/Versions/A/Resources/libJPEG.dylib
0x00007fff39464000 	/System/Library/Frameworks/ImageIO.framework/Versions/A/Resources/libTIFF.dylib
0x00007fff39447000 	/System/Library/Frameworks/ImageIO.framework/Versions/A/Resources/libPng.dylib
0x00007fff390e7000 	/System/Library/Frameworks/ImageIO.framework/Versions/A/Resources/libGIF.dylib
0x00007fff390eb000 	/System/Library/Frameworks/ImageIO.framework/Versions/A/Resources/libJP2.dylib
0x00007fff39462000 	/System/Library/Frameworks/ImageIO.framework/Versions/A/Resources/libRadiance.dylib
0x00007fff6dc87000 	/usr/lib/libexpat.1.dylib
0x00007fff4990c000 	/System/Library/PrivateFrameworks/AppleJPEG.framework/Versions/A/AppleJPEG
0x00007fff525e1000 	/System/Library/PrivateFrameworks/FontServices.framework/libFontParser.dylib
0x00007fff68d9d000 	/System/Library/PrivateFrameworks/WatchdogClient.framework/Versions/A/WatchdogClient
0x00007fff5abcd000 	/System/Library/PrivateFrameworks/IOAccelerator.framework/Versions/A/IOAccelerator
0x00007fff3b971000 	/System/Library/Frameworks/MetalPerformanceShaders.framework/Versions/A/MetalPerformanceShaders
0x00007fff5735d000 	/System/Library/PrivateFrameworks/GPUWrangler.framework/Versions/A/GPUWrangler
0x00007fff5abe2000 	/System/Library/PrivateFrameworks/IOPresentment.framework/Versions/A/IOPresentment
0x00007fff4fe4b000 	/System/Library/PrivateFrameworks/DSExternalDisplay.framework/Versions/A/DSExternalDisplay
0x00007fff3fdad000 	/System/Library/Frameworks/OpenGL.framework/Versions/A/Libraries/libCoreFSCache.dylib
0x00007fff3b6bd000 	/System/Library/Frameworks/MetalPerformanceShaders.framework/Frameworks/MPSCore.framework/Versions/A/MPSCore
0x00007fff3b6fb000 	/System/Library/Frameworks/MetalPerformanceShaders.framework/Frameworks/MPSImage.framework/Versions/A/MPSImage
0x00007fff3b7c2000 	/System/Library/Frameworks/MetalPerformanceShaders.framework/Frameworks/MPSNeuralNetwork.framework/Versions/A/MPSNeuralNetwork
0x00007fff3b786000 	/System/Library/Frameworks/MetalPerformanceShaders.framework/Frameworks/MPSMatrix.framework/Versions/A/MPSMatrix
0x00007fff3b921000 	/System/Library/Frameworks/MetalPerformanceShaders.framework/Frameworks/MPSRayIntersector.framework/Versions/A/MPSRayIntersector
0x00007fff3b7ac000 	/System/Library/Frameworks/MetalPerformanceShaders.framework/Frameworks/MPSNDArray.framework/Versions/A/MPSNDArray
0x00007fff5ca4b000 	/System/Library/PrivateFrameworks/MetalTools.framework/Versions/A/MetalTools
0x00007fff48a59000 	/System/Library/PrivateFrameworks/AggregateDictionary.framework/Versions/A/AggregateDictionary
0x00007fff4d7dd000 	/System/Library/PrivateFrameworks/CoreAnalytics.framework/Versions/A/CoreAnalytics
0x00007fff49d43000 	/System/Library/PrivateFrameworks/AppleSauce.framework/Versions/A/AppleSauce
0x00007fff6cbae000 	/usr/lib/libIOReport.dylib
0x00007fff3806c000 	/System/Library/Frameworks/CoreVideo.framework/Versions/A/CoreVideo
0x00007fff587d6000 	/System/Library/PrivateFrameworks/GraphVisualizer.framework/Versions/A/GraphVisualizer
0x00007fff51b27000 	/System/Library/PrivateFrameworks/FaceCore.framework/Versions/A/FaceCore
0x00007fff3f3c3000 	/System/Library/Frameworks/OpenCL.framework/Versions/A/OpenCL
0x00007fff6c9d0000 	/usr/lib/libFosl_dynamic.dylib
0x00007fff5e07a000 	/System/Library/PrivateFrameworks/OTSVG.framework/Versions/A/OTSVG
0x00007fff341eb000 	/System/Library/Frameworks/ApplicationServices.framework/Versions/A/Frameworks/ATS.framework/Versions/A/Resources/libFontRegistry.dylib
0x00007fff527b1000 	/System/Library/PrivateFrameworks/FontServices.framework/libhvf.dylib
0x00007fff3fdb8000 	/System/Library/Frameworks/OpenGL.framework/Versions/A/Libraries/libGFXShared.dylib
0x00007fff3ff96000 	/System/Library/Frameworks/OpenGL.framework/Versions/A/Libraries/libGLU.dylib
0x00007fff3fdc1000 	/System/Library/Frameworks/OpenGL.framework/Versions/A/Libraries/libGL.dylib
0x00007fff3fdcc000 	/System/Library/Frameworks/OpenGL.framework/Versions/A/Libraries/libGLImage.dylib
0x00007fff3fdaa000 	/System/Library/Frameworks/OpenGL.framework/Versions/A/Libraries/libCVMSPluginSupport.dylib
0x00007fff3fdb3000 	/System/Library/Frameworks/OpenGL.framework/Versions/A/Libraries/libCoreVMClient.dylib
0x00007fff6e6db000 	/usr/lib/libncurses.5.4.dylib
0x00007fff340e7000 	/System/Library/Frameworks/ApplicationServices.framework/Versions/A/Frameworks/ATS.framework/Versions/A/ATS
0x00007fff342b4000 	/System/Library/Frameworks/ApplicationServices.framework/Versions/A/Frameworks/ColorSyncLegacy.framework/Versions/A/ColorSyncLegacy
0x00007fff34352000 	/System/Library/Frameworks/ApplicationServices.framework/Versions/A/Frameworks/HIServices.framework/Versions/A/HIServices
0x00007fff343aa000 	/System/Library/Frameworks/ApplicationServices.framework/Versions/A/Frameworks/LangAnalysis.framework/Versions/A/LangAnalysis
0x00007fff343b9000 	/System/Library/Frameworks/ApplicationServices.framework/Versions/A/Frameworks/PrintCore.framework/Versions/A/PrintCore
0x00007fff343ff000 	/System/Library/Frameworks/ApplicationServices.framework/Versions/A/Frameworks/QD.framework/Versions/A/QD
0x00007fff3440a000 	/System/Library/Frameworks/ApplicationServices.framework/Versions/A/Frameworks/SpeechSynthesis.framework/Versions/A/SpeechSynthesis
0x00007fff34284000 	/System/Library/Frameworks/ApplicationServices.framework/Versions/A/Frameworks/ATSUI.framework/Versions/A/ATSUI
0x00007fff6db1d000 	/usr/lib/libcups.2.dylib
0x00007fff3aa0c000 	/System/Library/Frameworks/Kerberos.framework/Versions/A/Kerberos
0x00007fff38b49000 	/System/Library/Frameworks/GSS.framework/Versions/A/GSS
0x00007fff6ee5d000 	/usr/lib/libresolv.9.dylib
0x00007fff58983000 	/System/Library/PrivateFrameworks/Heimdal.framework/Versions/A/Heimdal
0x00007fff3aa1f000 	/System/Library/Frameworks/Kerberos.framework/Versions/A/Libraries/libHeimdalProxy.dylib
0x00007fff6dcc6000 	/usr/lib/libheimdal-asn1.dylib
0x00007fff4cc75000 	/System/Library/PrivateFrameworks/CommonAuth.framework/Versions/A/CommonAuth
0x00007fff49ec2000 	/System/Library/PrivateFrameworks/AssertionServices.framework/Versions/A/AssertionServices
0x00007fff4aa65000 	/System/Library/PrivateFrameworks/AudioToolboxCore.framework/Versions/A/AudioToolboxCore
0x00007fff69a4b000 	/System/Library/PrivateFrameworks/caulk.framework/Versions/A/caulk
0x00007fff4b02f000 	/System/Library/PrivateFrameworks/BaseBoard.framework/Versions/A/BaseBoard
0x00007fff622dd000 	/System/Library/PrivateFrameworks/RunningBoardServices.framework/Versions/A/RunningBoardServices
0x00007fff5f2ee000 	/System/Library/PrivateFrameworks/PersistentConnection.framework/Versions/A/PersistentConnection
0x00007fff61cd6000 	/System/Library/PrivateFrameworks/ProtocolBuffer.framework/Versions/A/ProtocolBuffer
0x00007fff4cc99000 	/System/Library/PrivateFrameworks/CommonUtilities.framework/Versions/A/CommonUtilities
0x00007fff4b1bd000 	/System/Library/PrivateFrameworks/Bom.framework/Versions/A/Bom
0x00007fff6c881000 	/usr/lib/libAudioToolboxUtility.dylib
0x00007fff4af8d000 	/System/Library/PrivateFrameworks/Backup.framework/Versions/A/Backup
0x00007fff4fd6c000 	/System/Library/PrivateFrameworks/CrashReporterSupport.framework/Versions/A/CrashReporterSupport
0x00007fff63d6f000 	/System/Library/PrivateFrameworks/Sharing.framework/Versions/A/Sharing
0x00007fff494cf000 	/System/Library/PrivateFrameworks/Apple80211.framework/Versions/A/Apple80211
0x00007fff4acaa000 	/System/Library/PrivateFrameworks/AuthKit.framework/Versions/A/AuthKit
0x00007fff4fa79000 	/System/Library/PrivateFrameworks/CoreUtils.framework/Versions/A/CoreUtils
0x00007fff380b1000 	/System/Library/Frameworks/CoreWLAN.framework/Versions/A/CoreWLAN
0x00007fff38cd6000 	/System/Library/Frameworks/IOBluetooth.framework/Versions/A/IOBluetooth
0x00007fff5cea7000 	/System/Library/PrivateFrameworks/MobileKeyBag.framework/Versions/A/MobileKeyBag
0x00007fff4e87e000 	/System/Library/PrivateFrameworks/CorePhoneNumbers.framework/Versions/A/CorePhoneNumbers
0x00007fff498bf000 	/System/Library/PrivateFrameworks/AppleIDAuthSupport.framework/Versions/A/AppleIDAuthSupport
0x00007fff3c83a000 	/System/Library/Frameworks/Network.framework/Versions/A/Network
0x00007fff5b41e000 	/System/Library/PrivateFrameworks/KeychainCircle.framework/Versions/A/KeychainCircle
0x00007fff35acb000 	/System/Library/Frameworks/CoreBluetooth.framework/Versions/A/CoreBluetooth
0x00007fff65dee000 	/System/Library/PrivateFrameworks/SpeechRecognitionCore.framework/Versions/A/SpeechRecognitionCore
0x0000000109800000 	/Applications/Android Studio.app/Contents/jre/Contents/Home/lib/server/libjvm.dylib
0x0000000108e92000 	/Applications/Android Studio.app/Contents/jre/Contents/Home/lib/libverify.dylib
0x0000000108ea5000 	/Applications/Android Studio.app/Contents/jre/Contents/Home/lib/libjava.dylib
0x0000000108edf000 	/Applications/Android Studio.app/Contents/jre/Contents/Home/lib/libjimage.dylib
0x0000000108f3b000 	/Applications/Android Studio.app/Contents/jre/Contents/Home/lib/libzip.dylib
0x0000000108fc0000 	/Applications/Android Studio.app/Contents/jre/Contents/Home/lib/libnio.dylib
0x0000000108fdb000 	/Applications/Android Studio.app/Contents/jre/Contents/Home/lib/libnet.dylib
0x000000010af47000 	/Users/sachin/.gradle/native/e1d6ef7f7dcc3fd88c89a11ec53ec762bb8ba0a96d01ffa2cd45eb1d1d8dd5c5/osx-amd64/libnative-platform.dylib
0x000000010af4e000 	/Users/sachin/.gradle/native/5664cfc778a61ccfe75a443a1ab52a65af34e5dc3c78e0209fed803814484fcb/osx-amd64/libnative-platform-file-events.dylib
0x000000010b1bb000 	/Applications/Android Studio.app/Contents/jre/Contents/Home/lib/libmanagement.dylib
0x000000010b1cc000 	/Applications/Android Studio.app/Contents/jre/Contents/Home/lib/libmanagement_ext.dylib
0x000000010b1dc000 	/Applications/Android Studio.app/Contents/jre/Contents/Home/lib/libextnet.dylib


VM Arguments:
jvm_args: --add-opens=java.base/java.util=ALL-UNNAMED --add-opens=java.base/java.lang=ALL-UNNAMED --add-opens=java.base/java.lang.invoke=ALL-UNNAMED --add-opens=java.base/java.util=ALL-UNNAMED --add-opens=java.prefs/java.util.prefs=ALL-UNNAMED --add-opens=java.prefs/java.util.prefs=ALL-UNNAMED --add-opens=java.base/java.nio.charset=ALL-UNNAMED --add-opens=java.base/java.net=ALL-UNNAMED --add-opens=java.base/java.util.concurrent.atomic=ALL-UNNAMED -Xmx2048m -Dfile.encoding=UTF-8 -Duser.country=GB -Duser.language=en -Duser.variant 
java_command: org.gradle.launcher.daemon.bootstrap.GradleDaemon 7.2
java_class_path (initial): /Users/sachin/.gradle/wrapper/dists/gradle-7.2-bin/2dnblmf4td7x66yl1d74lt32g/gradle-7.2/lib/gradle-launcher-7.2.jar
Launcher Type: SUN_STANDARD

[Global flags]
     intx CICompilerCount                          = 3                                         {product} {ergonomic}
     uint ConcGCThreads                            = 1                                         {product} {ergonomic}
     uint G1ConcRefinementThreads                  = 4                                         {product} {ergonomic}
   size_t G1HeapRegionSize                         = 1048576                                   {product} {ergonomic}
    uintx GCDrainStackTargetSize                   = 64                                        {product} {ergonomic}
   size_t InitialHeapSize                          = 167772160                                 {product} {ergonomic}
   size_t MarkStackSize                            = 4194304                                   {product} {ergonomic}
   size_t MaxHeapSize                              = 2147483648                                {product} {command line}
   size_t MaxNewSize                               = 1287651328                                {product} {ergonomic}
   size_t MinHeapDeltaBytes                        = 1048576                                   {product} {ergonomic}
    uintx NonNMethodCodeHeapSize                   = 5830732                                {pd product} {ergonomic}
    uintx NonProfiledCodeHeapSize                  = 122913754                              {pd product} {ergonomic}
    uintx ProfiledCodeHeapSize                     = 122913754                              {pd product} {ergonomic}
    uintx ReservedCodeCacheSize                    = 251658240                              {pd product} {ergonomic}
     bool SegmentedCodeCache                       = true                                      {product} {ergonomic}
     bool UseCompressedClassPointers               = true                                 {lp64_product} {ergonomic}
     bool UseCompressedOops                        = true                                 {lp64_product} {ergonomic}
     bool UseG1GC                                  = true                                      {product} {ergonomic}

Logging:
Log output configuration:
 #0: stdout all=warning uptime,level,tags
 #1: stderr all=off uptime,level,tags

Environment Variables:
PATH=/usr/bin:/bin:/usr/sbin:/sbin
SHELL=/bin/zsh

Signal Handlers:
SIGSEGV: [libjvm.dylib+0x7c1b1a], sa_mask[0]=11111111011111110111111111111111, sa_flags=SA_ONSTACK|SA_RESTART|SA_SIGINFO
SIGBUS: [libjvm.dylib+0x7c1b1a], sa_mask[0]=11111111011111110111111111111111, sa_flags=SA_RESTART|SA_SIGINFO
SIGFPE: [libjvm.dylib+0x7c1b1a], sa_mask[0]=11111111011111110111111111111111, sa_flags=SA_RESTART|SA_SIGINFO
SIGPIPE: [libjvm.dylib+0x626869], sa_mask[0]=11111111011111110111111111111111, sa_flags=SA_RESTART|SA_SIGINFO
SIGXFSZ: [libjvm.dylib+0x626869], sa_mask[0]=11111111011111110111111111111111, sa_flags=SA_RESTART|SA_SIGINFO
SIGILL: [libjvm.dylib+0x7c1b1a], sa_mask[0]=11111111011111110111111111111111, sa_flags=SA_RESTART|SA_SIGINFO
SIGUSR2: [libjvm.dylib+0x626e48], sa_mask[0]=00100000000000000000000000000000, sa_flags=SA_RESTART|SA_SIGINFO
SIGHUP: [libjvm.dylib+0x62599b], sa_mask[0]=11111111011111110111111111111111, sa_flags=SA_RESTART|SA_SIGINFO
SIGINT: [libjvm.dylib+0x62599b], sa_mask[0]=11111111011111110111111111111111, sa_flags=SA_RESTART|SA_SIGINFO
SIGTERM: [libjvm.dylib+0x62599b], sa_mask[0]=11111111011111110111111111111111, sa_flags=SA_RESTART|SA_SIGINFO
SIGQUIT: [libjvm.dylib+0x62599b], sa_mask[0]=11111111011111110111111111111111, sa_flags=SA_RESTART|SA_SIGINFO


---------------  S Y S T E M  ---------------

OS:uname:Darwin 19.6.0 Darwin Kernel Version 19.6.0: Thu Jan 13 01:26:33 PST 2022; root:xnu-6153.141.51~3/RELEASE_X86_64 x86_64
OS uptime: 0 days 0:45 hours
rlimit (soft/hard): STACK 8192k/65532k , CORE 0k/infinity , NPROC 1392/2088 , NOFILE 10240/infinity , AS infinity/infinity , CPU infinity/infinity , DATA infinity/infinity , FSIZE infinity/infinity , MEMLOCK infinity/infinity , RSS infinity/infinity
load average:3.03 2.00 1.49

CPU:total 4 (initial active 4) (2 cores per cpu, 2 threads per core) family 6 model 58 stepping 9 microcode 0x21, cmov, cx8, fxsr, mmx, sse, sse2, sse3, ssse3, sse4.1, sse4.2, popcnt, avx, aes, clmul, erms, ht, tsc, tscinvbit, tscinv

Memory: 4k page, physical 10485760k(2602184k free), swap 0k(0k free)

vm_info: OpenJDK 64-Bit Server VM (11.0.11+0-b60-7590822) for bsd-amd64 JRE (11.0.11+0-b60-7590822), built on Aug  1 2021 19:48:08 by "builder" with gcc Android (7284624, based on r416183b) Clang 12.0.5 (https://android.googlesource.com/toolchain/llvm-project c935d99d7cf2016289302412d708641d52d2f7ee)

END.
